Using pre-set license
Built from '2020.3/staging' branch; Version is '2020.3.25f1 (9b9180224418) revision 10195328'; Using compiler version '192528614'; Build Type 'Release'
OS: 'Windows 10  (10.0.19043) 64bit Professional' Language: 'zh' Physical Memory: 16217 MB
BatchMode: 1, IsHumanControllingUs: 0, StartBugReporterOnCrash: 0, Is64bit: 1, IsPro: 0

COMMAND LINE ARGUMENTS:
C:\Program Files\Unity\Hub\Editor\2020.3.25f1\Editor\Unity.exe
-adb2
-batchMode
-noUpm
-name
AssetImportWorker0
-projectPath
C:/Users/user/Documents/2022_40725036/40725036
-logFile
Logs/AssetImportWorker0.log
-srvPort
2029
Successfully changed project path to: C:/Users/user/Documents/2022_40725036/40725036
C:/Users/user/Documents/2022_40725036/40725036
Using Asset Import Pipeline V2.
Refreshing native plugins compatible for Editor in 40.78 ms, found 3 plugins.
Preloading 0 native plugins for Editor in 0.00 ms.
Initialize engine version: 2020.3.25f1 (9b9180224418)
[Subsystems] Discovering subsystems at path C:/Program Files/Unity/Hub/Editor/2020.3.25f1/Editor/Data/Resources/UnitySubsystems
[Subsystems] Discovering subsystems at path C:/Users/user/Documents/2022_40725036/40725036/Assets
GfxDevice: creating device client; threaded=0
Direct3D:
    Version:  Direct3D 11.0 [level 11.1]
    Renderer: NVIDIA GeForce GTX 1650 SUPER (ID=0x2187)
    Vendor:   
    VRAM:     3955 MB
    Driver:   27.21.14.5671
Initialize mono
Mono path[0] = 'C:/Program Files/Unity/Hub/Editor/2020.3.25f1/Editor/Data/Managed'
Mono path[1] = 'C:/Program Files/Unity/Hub/Editor/2020.3.25f1/Editor/Data/MonoBleedingEdge/lib/mono/unityjit'
Mono config path = 'C:/Program Files/Unity/Hub/Editor/2020.3.25f1/Editor/Data/MonoBleedingEdge/etc'
Using monoOptions --debugger-agent=transport=dt_socket,embedding=1,server=y,suspend=n,address=127.0.0.1:56916
Begin MonoManager ReloadAssembly
Registering precompiled unity dll's ...
Register platform support module: C:/Program Files/Unity/Hub/Editor/2020.3.25f1/Editor/Data/PlaybackEngines/WebGLSupport/UnityEditor.WebGL.Extensions.dll
Register platform support module: C:/Program Files/Unity/Hub/Editor/2020.3.25f1/Editor/Data/PlaybackEngines/WindowsStandaloneSupport/UnityEditor.WindowsStandalone.Extensions.dll
Registered in 0.004061 seconds.
Native extension for WindowsStandalone target not found
Native extension for WebGL target not found
Refreshing native plugins compatible for Editor in 43.85 ms, found 3 plugins.
Preloading 0 native plugins for Editor in 0.00 ms.
Mono: successfully reloaded assembly
- Completed reload, in  0.525 seconds
Domain Reload Profiling:
	ReloadAssembly (526ms)
		BeginReloadAssembly (60ms)
			ExecutionOrderSort (0ms)
			DisableScriptedObjects (0ms)
			BackupInstance (0ms)
			ReleaseScriptingObjects (0ms)
			CreateAndSetChildDomain (1ms)
		EndReloadAssembly (394ms)
			LoadAssemblies (57ms)
			RebuildTransferFunctionScriptingTraits (0ms)
			SetupTypeCache (124ms)
			ReleaseScriptCaches (0ms)
			RebuildScriptCaches (27ms)
			SetupLoadedEditorAssemblies (150ms)
				LogAssemblyErrors (0ms)
				InitializePlatformSupportModulesInManaged (5ms)
				SetLoadedEditorAssemblies (0ms)
				RefreshPlugins (44ms)
				BeforeProcessingInitializeOnLoad (8ms)
				ProcessInitializeOnLoadAttributes (70ms)
				ProcessInitializeOnLoadMethodAttributes (23ms)
				AfterProcessingInitializeOnLoad (0ms)
				EditorAssembliesLoaded (0ms)
			ExecutionOrderSort2 (0ms)
			AwakeInstancesAfterBackupRestoration (0ms)
Platform modules already initialized, skipping
Registering precompiled user dll's ...
Registered in 0.005979 seconds.
Begin MonoManager ReloadAssembly
Native extension for WindowsStandalone target not found
Native extension for WebGL target not found
Refreshing native plugins compatible for Editor in 39.93 ms, found 3 plugins.
Preloading 0 native plugins for Editor in 0.00 ms.
Mono: successfully reloaded assembly
- Completed reload, in  1.014 seconds
Domain Reload Profiling:
	ReloadAssembly (1015ms)
		BeginReloadAssembly (133ms)
			ExecutionOrderSort (0ms)
			DisableScriptedObjects (4ms)
			BackupInstance (0ms)
			ReleaseScriptingObjects (0ms)
			CreateAndSetChildDomain (14ms)
		EndReloadAssembly (819ms)
			LoadAssemblies (99ms)
			RebuildTransferFunctionScriptingTraits (0ms)
			SetupTypeCache (265ms)
			ReleaseScriptCaches (0ms)
			RebuildScriptCaches (40ms)
			SetupLoadedEditorAssemblies (311ms)
				LogAssemblyErrors (0ms)
				InitializePlatformSupportModulesInManaged (4ms)
				SetLoadedEditorAssemblies (0ms)
				RefreshPlugins (40ms)
				BeforeProcessingInitializeOnLoad (78ms)
				ProcessInitializeOnLoadAttributes (161ms)
				ProcessInitializeOnLoadMethodAttributes (15ms)
				AfterProcessingInitializeOnLoad (13ms)
				EditorAssembliesLoaded (0ms)
			ExecutionOrderSort2 (0ms)
			AwakeInstancesAfterBackupRestoration (6ms)
Platform modules already initialized, skipping
========================================================================
Worker process is ready to serve import requests
Launched and connected shader compiler UnityShaderCompiler.exe after 0.03 seconds
Refreshing native plugins compatible for Editor in 0.50 ms, found 3 plugins.
Preloading 0 native plugins for Editor in 0.00 ms.
Unloading 2202 Unused Serialized files (Serialized files now loaded: 0)
System memory in use before: 96.2 MB.
System memory in use after: 96.3 MB.

Unloading 28 unused Assets to reduce memory usage. Loaded Objects now: 2635.
Total: 2.453000 ms (FindLiveObjects: 0.130200 ms CreateObjectMapping: 0.073600 ms MarkObjects: 2.205000 ms  DeleteObjects: 0.043400 ms)

AssetImportParameters requested are different than current active one (requested -> active):
  custom:framework-win-MediaFoundation: 216162199b28c13a410421893ffa2e32 -> 
  custom:video-decoder-ogg-theora: a1e56fd34408186e4bbccfd4996cb3dc -> 
  custom:container-muxer-webm: aa71ff27fc2769a1b78a27578f13a17b -> 
  custom:container-demuxer-webm: 4f35f7cbe854078d1ac9338744f61a02 -> 
  custom:container-demuxer-ogg: 62fdf1f143b41e24485cea50d1cbac27 -> 
  custom:video-encoder-webm-vp8: eb34c28f22e8b96e1ab97ce403110664 -> 
  custom:video-decoder-webm-vp8: 9c59270c3fd7afecdb556c50c9e8de78 -> 
  custom:audio-decoder-ogg-vorbis: bf7c407c2cedff20999df2af8eb42d56 -> 
  custom:audio-encoder-webm-vorbis: bf7c407c2cedff20999df2af8eb42d56 -> 
========================================================================
Received Import Request.
  path: Assets/Scenes
  artifactKey: Guid(881b2586731e9564d97234a9313bd93d) Importer(815301076,1909f56bfc062723c751e8b465ee728b)
Start importing Assets/Scenes using Guid(881b2586731e9564d97234a9313bd93d) Importer(815301076,1909f56bfc062723c751e8b465ee728b)  -> (artifact id: '1954892c82405de03496cdbb4ef47cfa') in 0.003782 seconds 
  Import took 0.006059 seconds .

========================================================================
Received Import Request.
  Time since last request: 0.000191 seconds.
  path: Assets/Scenes/40725036.unity
  artifactKey: Guid(2cda990e2423bbf4892e6590ba056729) Importer(815301076,1909f56bfc062723c751e8b465ee728b)
Start importing Assets/Scenes/40725036.unity using Guid(2cda990e2423bbf4892e6590ba056729) Importer(815301076,1909f56bfc062723c751e8b465ee728b)  -> (artifact id: '3ace13360ee2a84fcf3d72a609a63344') in 0.008573 seconds 
  Import took 0.010916 seconds .

========================================================================
Received Import Request.
  Time since last request: 55.723260 seconds.
  path: Assets
  artifactKey: Guid(00000000000000001000000000000000) Importer(815301076,1909f56bfc062723c751e8b465ee728b)
Start importing Assets using Guid(00000000000000001000000000000000) Importer(815301076,1909f56bfc062723c751e8b465ee728b)  -> (artifact id: '42d402b061de3733987d63b9cc3b64de') in 0.004116 seconds 
  Import took 0.007273 seconds .

========================================================================
Received Import Request.
  Time since last request: 8.217071 seconds.
  path: Assets/DataWeapon.cs
  artifactKey: Guid(6245c54bbe76e704889351556ab6fa1d) Importer(815301076,1909f56bfc062723c751e8b465ee728b)
Start importing Assets/DataWeapon.cs using Guid(6245c54bbe76e704889351556ab6fa1d) Importer(815301076,1909f56bfc062723c751e8b465ee728b)  -> (artifact id: 'c9498390215a20535ad556a4348633dd') in 0.020706 seconds 
  Import took 0.023467 seconds .

========================================================================
Received Prepare
Registering precompiled user dll's ...
Registered in 0.005576 seconds.
Begin MonoManager ReloadAssembly
Native extension for WindowsStandalone target not found
Native extension for WebGL target not found
Refreshing native plugins compatible for Editor in 0.43 ms, found 3 plugins.
Preloading 0 native plugins for Editor in 0.00 ms.
Mono: successfully reloaded assembly
- Completed reload, in  0.887 seconds
Domain Reload Profiling:
	ReloadAssembly (887ms)
		BeginReloadAssembly (119ms)
			ExecutionOrderSort (0ms)
			DisableScriptedObjects (6ms)
			BackupInstance (0ms)
			ReleaseScriptingObjects (0ms)
			CreateAndSetChildDomain (29ms)
		EndReloadAssembly (705ms)
			LoadAssemblies (100ms)
			RebuildTransferFunctionScriptingTraits (0ms)
			SetupTypeCache (240ms)
			ReleaseScriptCaches (1ms)
			RebuildScriptCaches (34ms)
			SetupLoadedEditorAssemblies (259ms)
				LogAssemblyErrors (0ms)
				InitializePlatformSupportModulesInManaged (5ms)
				SetLoadedEditorAssemblies (0ms)
				RefreshPlugins (0ms)
				BeforeProcessingInitializeOnLoad (69ms)
				ProcessInitializeOnLoadAttributes (163ms)
				ProcessInitializeOnLoadMethodAttributes (10ms)
				AfterProcessingInitializeOnLoad (12ms)
				EditorAssembliesLoaded (0ms)
			ExecutionOrderSort2 (0ms)
			AwakeInstancesAfterBackupRestoration (8ms)
Platform modules already initialized, skipping
Refreshing native plugins compatible for Editor in 0.41 ms, found 3 plugins.
Preloading 0 native plugins for Editor in 0.00 ms.
Unloading 2190 Unused Serialized files (Serialized files now loaded: 0)
System memory in use before: 95.4 MB.
System memory in use after: 95.5 MB.

Unloading 17 unused Assets to reduce memory usage. Loaded Objects now: 2638.
Total: 2.365900 ms (FindLiveObjects: 0.126400 ms CreateObjectMapping: 0.059000 ms MarkObjects: 2.168700 ms  DeleteObjects: 0.011300 ms)

AssetImportParameters requested are different than current active one (requested -> active):
  custom:framework-win-MediaFoundation: 216162199b28c13a410421893ffa2e32 -> 
  custom:video-decoder-ogg-theora: a1e56fd34408186e4bbccfd4996cb3dc -> 
  custom:container-muxer-webm: aa71ff27fc2769a1b78a27578f13a17b -> 
  custom:container-demuxer-webm: 4f35f7cbe854078d1ac9338744f61a02 -> 
  custom:container-demuxer-ogg: 62fdf1f143b41e24485cea50d1cbac27 -> 
  custom:video-encoder-webm-vp8: eb34c28f22e8b96e1ab97ce403110664 -> 
  custom:video-decoder-webm-vp8: 9c59270c3fd7afecdb556c50c9e8de78 -> 
  custom:audio-decoder-ogg-vorbis: bf7c407c2cedff20999df2af8eb42d56 -> 
  custom:audio-encoder-webm-vorbis: bf7c407c2cedff20999df2af8eb42d56 -> 
========================================================================
Received Prepare
Registering precompiled user dll's ...
Registered in 0.005490 seconds.
Begin MonoManager ReloadAssembly
Native extension for WindowsStandalone target not found
Native extension for WebGL target not found
Refreshing native plugins compatible for Editor in 0.43 ms, found 3 plugins.
Preloading 0 native plugins for Editor in 0.00 ms.
Mono: successfully reloaded assembly
- Completed reload, in  0.889 seconds
Domain Reload Profiling:
	ReloadAssembly (890ms)
		BeginReloadAssembly (106ms)
			ExecutionOrderSort (0ms)
			DisableScriptedObjects (5ms)
			BackupInstance (0ms)
			ReleaseScriptingObjects (0ms)
			CreateAndSetChildDomain (27ms)
		EndReloadAssembly (721ms)
			LoadAssemblies (93ms)
			RebuildTransferFunctionScriptingTraits (0ms)
			SetupTypeCache (251ms)
			ReleaseScriptCaches (1ms)
			RebuildScriptCaches (34ms)
			SetupLoadedEditorAssemblies (260ms)
				LogAssemblyErrors (0ms)
				InitializePlatformSupportModulesInManaged (5ms)
				SetLoadedEditorAssemblies (0ms)
				RefreshPlugins (0ms)
				BeforeProcessingInitializeOnLoad (69ms)
				ProcessInitializeOnLoadAttributes (164ms)
				ProcessInitializeOnLoadMethodAttributes (9ms)
				AfterProcessingInitializeOnLoad (12ms)
				EditorAssembliesLoaded (0ms)
			ExecutionOrderSort2 (0ms)
			AwakeInstancesAfterBackupRestoration (10ms)
Platform modules already initialized, skipping
Refreshing native plugins compatible for Editor in 0.46 ms, found 3 plugins.
Preloading 0 native plugins for Editor in 0.00 ms.
Unloading 2190 Unused Serialized files (Serialized files now loaded: 0)
System memory in use before: 95.4 MB.
System memory in use after: 95.5 MB.

Unloading 17 unused Assets to reduce memory usage. Loaded Objects now: 2640.
Total: 3.252600 ms (FindLiveObjects: 0.128300 ms CreateObjectMapping: 0.061500 ms MarkObjects: 3.045600 ms  DeleteObjects: 0.016000 ms)

AssetImportParameters requested are different than current active one (requested -> active):
  custom:framework-win-MediaFoundation: 216162199b28c13a410421893ffa2e32 -> 
  custom:video-decoder-ogg-theora: a1e56fd34408186e4bbccfd4996cb3dc -> 
  custom:container-muxer-webm: aa71ff27fc2769a1b78a27578f13a17b -> 
  custom:container-demuxer-webm: 4f35f7cbe854078d1ac9338744f61a02 -> 
  custom:container-demuxer-ogg: 62fdf1f143b41e24485cea50d1cbac27 -> 
  custom:video-encoder-webm-vp8: eb34c28f22e8b96e1ab97ce403110664 -> 
  custom:video-decoder-webm-vp8: 9c59270c3fd7afecdb556c50c9e8de78 -> 
  custom:audio-decoder-ogg-vorbis: bf7c407c2cedff20999df2af8eb42d56 -> 
  custom:audio-encoder-webm-vorbis: bf7c407c2cedff20999df2af8eb42d56 -> 
========================================================================
Received Prepare
Registering precompiled user dll's ...
Registered in 0.006172 seconds.
Begin MonoManager ReloadAssembly
Native extension for WindowsStandalone target not found
Native extension for WebGL target not found
Refreshing native plugins compatible for Editor in 0.43 ms, found 3 plugins.
Preloading 0 native plugins for Editor in 0.00 ms.
Mono: successfully reloaded assembly
- Completed reload, in  1.002 seconds
Domain Reload Profiling:
	ReloadAssembly (1003ms)
		BeginReloadAssembly (120ms)
			ExecutionOrderSort (0ms)
			DisableScriptedObjects (5ms)
			BackupInstance (0ms)
			ReleaseScriptingObjects (0ms)
			CreateAndSetChildDomain (26ms)
		EndReloadAssembly (822ms)
			LoadAssemblies (97ms)
			RebuildTransferFunctionScriptingTraits (0ms)
			SetupTypeCache (249ms)
			ReleaseScriptCaches (1ms)
			RebuildScriptCaches (35ms)
			SetupLoadedEditorAssemblies (349ms)
				LogAssemblyErrors (0ms)
				InitializePlatformSupportModulesInManaged (5ms)
				SetLoadedEditorAssemblies (0ms)
				RefreshPlugins (0ms)
				BeforeProcessingInitializeOnLoad (69ms)
				ProcessInitializeOnLoadAttributes (190ms)
				ProcessInitializeOnLoadMethodAttributes (15ms)
				AfterProcessingInitializeOnLoad (70ms)
				EditorAssembliesLoaded (0ms)
			ExecutionOrderSort2 (0ms)
			AwakeInstancesAfterBackupRestoration (9ms)
Platform modules already initialized, skipping
Refreshing native plugins compatible for Editor in 0.66 ms, found 3 plugins.
Preloading 0 native plugins for Editor in 0.00 ms.
Unloading 2190 Unused Serialized files (Serialized files now loaded: 0)
System memory in use before: 95.4 MB.
System memory in use after: 95.5 MB.

Unloading 17 unused Assets to reduce memory usage. Loaded Objects now: 2642.
Total: 2.302100 ms (FindLiveObjects: 0.137600 ms CreateObjectMapping: 0.067100 ms MarkObjects: 2.084600 ms  DeleteObjects: 0.012200 ms)

AssetImportParameters requested are different than current active one (requested -> active):
  custom:framework-win-MediaFoundation: 216162199b28c13a410421893ffa2e32 -> 
  custom:video-decoder-ogg-theora: a1e56fd34408186e4bbccfd4996cb3dc -> 
  custom:container-muxer-webm: aa71ff27fc2769a1b78a27578f13a17b -> 
  custom:container-demuxer-webm: 4f35f7cbe854078d1ac9338744f61a02 -> 
  custom:container-demuxer-ogg: 62fdf1f143b41e24485cea50d1cbac27 -> 
  custom:video-encoder-webm-vp8: eb34c28f22e8b96e1ab97ce403110664 -> 
  custom:video-decoder-webm-vp8: 9c59270c3fd7afecdb556c50c9e8de78 -> 
  custom:audio-decoder-ogg-vorbis: bf7c407c2cedff20999df2af8eb42d56 -> 
  custom:audio-encoder-webm-vorbis: bf7c407c2cedff20999df2af8eb42d56 -> 
========================================================================
Received Prepare
Registering precompiled user dll's ...
Registered in 0.006192 seconds.
Begin MonoManager ReloadAssembly
Native extension for WindowsStandalone target not found
Native extension for WebGL target not found
Refreshing native plugins compatible for Editor in 0.44 ms, found 3 plugins.
Preloading 0 native plugins for Editor in 0.00 ms.
Mono: successfully reloaded assembly
- Completed reload, in  0.995 seconds
Domain Reload Profiling:
	ReloadAssembly (995ms)
		BeginReloadAssembly (114ms)
			ExecutionOrderSort (0ms)
			DisableScriptedObjects (5ms)
			BackupInstance (0ms)
			ReleaseScriptingObjects (0ms)
			CreateAndSetChildDomain (25ms)
		EndReloadAssembly (820ms)
			LoadAssemblies (98ms)
			RebuildTransferFunctionScriptingTraits (0ms)
			SetupTypeCache (239ms)
			ReleaseScriptCaches (1ms)
			RebuildScriptCaches (34ms)
			SetupLoadedEditorAssemblies (358ms)
				LogAssemblyErrors (0ms)
				InitializePlatformSupportModulesInManaged (5ms)
				SetLoadedEditorAssemblies (0ms)
				RefreshPlugins (0ms)
				BeforeProcessingInitializeOnLoad (69ms)
				ProcessInitializeOnLoadAttributes (192ms)
				ProcessInitializeOnLoadMethodAttributes (16ms)
				AfterProcessingInitializeOnLoad (75ms)
				EditorAssembliesLoaded (0ms)
			ExecutionOrderSort2 (0ms)
			AwakeInstancesAfterBackupRestoration (8ms)
Platform modules already initialized, skipping
Refreshing native plugins compatible for Editor in 0.47 ms, found 3 plugins.
Preloading 0 native plugins for Editor in 0.00 ms.
Unloading 2190 Unused Serialized files (Serialized files now loaded: 0)
System memory in use before: 95.4 MB.
System memory in use after: 95.6 MB.

Unloading 17 unused Assets to reduce memory usage. Loaded Objects now: 2644.
Total: 2.425700 ms (FindLiveObjects: 0.131200 ms CreateObjectMapping: 0.061200 ms MarkObjects: 2.220100 ms  DeleteObjects: 0.012500 ms)

AssetImportParameters requested are different than current active one (requested -> active):
  custom:framework-win-MediaFoundation: 216162199b28c13a410421893ffa2e32 -> 
  custom:video-decoder-ogg-theora: a1e56fd34408186e4bbccfd4996cb3dc -> 
  custom:container-muxer-webm: aa71ff27fc2769a1b78a27578f13a17b -> 
  custom:container-demuxer-webm: 4f35f7cbe854078d1ac9338744f61a02 -> 
  custom:container-demuxer-ogg: 62fdf1f143b41e24485cea50d1cbac27 -> 
  custom:video-encoder-webm-vp8: eb34c28f22e8b96e1ab97ce403110664 -> 
  custom:video-decoder-webm-vp8: 9c59270c3fd7afecdb556c50c9e8de78 -> 
  custom:audio-decoder-ogg-vorbis: bf7c407c2cedff20999df2af8eb42d56 -> 
  custom:audio-encoder-webm-vorbis: bf7c407c2cedff20999df2af8eb42d56 -> 
========================================================================
Received Prepare
Registering precompiled user dll's ...
Registered in 0.006424 seconds.
Begin MonoManager ReloadAssembly
Native extension for WindowsStandalone target not found
Native extension for WebGL target not found
Refreshing native plugins compatible for Editor in 0.45 ms, found 3 plugins.
Preloading 0 native plugins for Editor in 0.00 ms.
Mono: successfully reloaded assembly
- Completed reload, in  1.043 seconds
Domain Reload Profiling:
	ReloadAssembly (1043ms)
		BeginReloadAssembly (114ms)
			ExecutionOrderSort (0ms)
			DisableScriptedObjects (5ms)
			BackupInstance (0ms)
			ReleaseScriptingObjects (0ms)
			CreateAndSetChildDomain (25ms)
		EndReloadAssembly (864ms)
			LoadAssemblies (96ms)
			RebuildTransferFunctionScriptingTraits (0ms)
			SetupTypeCache (236ms)
			ReleaseScriptCaches (1ms)
			RebuildScriptCaches (34ms)
			SetupLoadedEditorAssemblies (409ms)
				LogAssemblyErrors (0ms)
				InitializePlatformSupportModulesInManaged (9ms)
				SetLoadedEditorAssemblies (0ms)
				RefreshPlugins (0ms)
				BeforeProcessingInitializeOnLoad (200ms)
				ProcessInitializeOnLoadAttributes (172ms)
				ProcessInitializeOnLoadMethodAttributes (10ms)
				AfterProcessingInitializeOnLoad (16ms)
				EditorAssembliesLoaded (0ms)
			ExecutionOrderSort2 (0ms)
			AwakeInstancesAfterBackupRestoration (8ms)
Platform modules already initialized, skipping
Refreshing native plugins compatible for Editor in 0.65 ms, found 3 plugins.
Preloading 0 native plugins for Editor in 0.00 ms.
Unloading 2190 Unused Serialized files (Serialized files now loaded: 0)
System memory in use before: 95.4 MB.
System memory in use after: 95.6 MB.

Unloading 17 unused Assets to reduce memory usage. Loaded Objects now: 2646.
Total: 2.456600 ms (FindLiveObjects: 0.144800 ms CreateObjectMapping: 0.065700 ms MarkObjects: 2.232400 ms  DeleteObjects: 0.013100 ms)

AssetImportParameters requested are different than current active one (requested -> active):
  custom:framework-win-MediaFoundation: 216162199b28c13a410421893ffa2e32 -> 
  custom:video-decoder-ogg-theora: a1e56fd34408186e4bbccfd4996cb3dc -> 
  custom:container-muxer-webm: aa71ff27fc2769a1b78a27578f13a17b -> 
  custom:container-demuxer-webm: 4f35f7cbe854078d1ac9338744f61a02 -> 
  custom:container-demuxer-ogg: 62fdf1f143b41e24485cea50d1cbac27 -> 
  custom:video-encoder-webm-vp8: eb34c28f22e8b96e1ab97ce403110664 -> 
  custom:video-decoder-webm-vp8: 9c59270c3fd7afecdb556c50c9e8de78 -> 
  custom:audio-decoder-ogg-vorbis: bf7c407c2cedff20999df2af8eb42d56 -> 
  custom:audio-encoder-webm-vorbis: bf7c407c2cedff20999df2af8eb42d56 -> 
========================================================================
Received Prepare
Registering precompiled user dll's ...
Registered in 0.006353 seconds.
Begin MonoManager ReloadAssembly
Native extension for WindowsStandalone target not found
Native extension for WebGL target not found
Refreshing native plugins compatible for Editor in 0.43 ms, found 3 plugins.
Preloading 0 native plugins for Editor in 0.00 ms.
Mono: successfully reloaded assembly
- Completed reload, in  1.028 seconds
Domain Reload Profiling:
	ReloadAssembly (1028ms)
		BeginReloadAssembly (114ms)
			ExecutionOrderSort (0ms)
			DisableScriptedObjects (6ms)
			BackupInstance (0ms)
			ReleaseScriptingObjects (0ms)
			CreateAndSetChildDomain (27ms)
		EndReloadAssembly (851ms)
			LoadAssemblies (99ms)
			RebuildTransferFunctionScriptingTraits (0ms)
			SetupTypeCache (244ms)
			ReleaseScriptCaches (1ms)
			RebuildScriptCaches (40ms)
			SetupLoadedEditorAssemblies (377ms)
				LogAssemblyErrors (0ms)
				InitializePlatformSupportModulesInManaged (6ms)
				SetLoadedEditorAssemblies (0ms)
				RefreshPlugins (0ms)
				BeforeProcessingInitializeOnLoad (70ms)
				ProcessInitializeOnLoadAttributes (203ms)
				ProcessInitializeOnLoadMethodAttributes (17ms)
				AfterProcessingInitializeOnLoad (80ms)
				EditorAssembliesLoaded (0ms)
			ExecutionOrderSort2 (0ms)
			AwakeInstancesAfterBackupRestoration (9ms)
Platform modules already initialized, skipping
Refreshing native plugins compatible for Editor in 0.49 ms, found 3 plugins.
Preloading 0 native plugins for Editor in 0.00 ms.
Unloading 2190 Unused Serialized files (Serialized files now loaded: 0)
System memory in use before: 95.4 MB.
System memory in use after: 95.6 MB.

Unloading 17 unused Assets to reduce memory usage. Loaded Objects now: 2648.
Total: 2.792800 ms (FindLiveObjects: 0.125600 ms CreateObjectMapping: 0.056200 ms MarkObjects: 2.597900 ms  DeleteObjects: 0.012500 ms)

AssetImportParameters requested are different than current active one (requested -> active):
  custom:framework-win-MediaFoundation: 216162199b28c13a410421893ffa2e32 -> 
  custom:video-decoder-ogg-theora: a1e56fd34408186e4bbccfd4996cb3dc -> 
  custom:container-muxer-webm: aa71ff27fc2769a1b78a27578f13a17b -> 
  custom:container-demuxer-webm: 4f35f7cbe854078d1ac9338744f61a02 -> 
  custom:container-demuxer-ogg: 62fdf1f143b41e24485cea50d1cbac27 -> 
  custom:video-encoder-webm-vp8: eb34c28f22e8b96e1ab97ce403110664 -> 
  custom:video-decoder-webm-vp8: 9c59270c3fd7afecdb556c50c9e8de78 -> 
  custom:audio-decoder-ogg-vorbis: bf7c407c2cedff20999df2af8eb42d56 -> 
  custom:audio-encoder-webm-vorbis: bf7c407c2cedff20999df2af8eb42d56 -> 
========================================================================
Received Prepare
Registering precompiled user dll's ...
Registered in 0.006660 seconds.
Begin MonoManager ReloadAssembly
Native extension for WindowsStandalone target not found
Native extension for WebGL target not found
Refreshing native plugins compatible for Editor in 0.44 ms, found 3 plugins.
Preloading 0 native plugins for Editor in 0.00 ms.
Mono: successfully reloaded assembly
- Completed reload, in  1.029 seconds
Domain Reload Profiling:
	ReloadAssembly (1029ms)
		BeginReloadAssembly (107ms)
			ExecutionOrderSort (0ms)
			DisableScriptedObjects (5ms)
			BackupInstance (0ms)
			ReleaseScriptingObjects (0ms)
			CreateAndSetChildDomain (24ms)
		EndReloadAssembly (855ms)
			LoadAssemblies (95ms)
			RebuildTransferFunctionScriptingTraits (0ms)
			SetupTypeCache (241ms)
			ReleaseScriptCaches (1ms)
			RebuildScriptCaches (34ms)
			SetupLoadedEditorAssemblies (394ms)
				LogAssemblyErrors (0ms)
				InitializePlatformSupportModulesInManaged (5ms)
				SetLoadedEditorAssemblies (0ms)
				RefreshPlugins (0ms)
				BeforeProcessingInitializeOnLoad (82ms)
				ProcessInitializeOnLoadAttributes (213ms)
				ProcessInitializeOnLoadMethodAttributes (16ms)
				AfterProcessingInitializeOnLoad (77ms)
				EditorAssembliesLoaded (0ms)
			ExecutionOrderSort2 (0ms)
			AwakeInstancesAfterBackupRestoration (9ms)
Platform modules already initialized, skipping
Refreshing native plugins compatible for Editor in 0.49 ms, found 3 plugins.
Preloading 0 native plugins for Editor in 0.00 ms.
Unloading 2190 Unused Serialized files (Serialized files now loaded: 0)
System memory in use before: 95.5 MB.
System memory in use after: 95.6 MB.

Unloading 17 unused Assets to reduce memory usage. Loaded Objects now: 2650.
Total: 2.507900 ms (FindLiveObjects: 0.149400 ms CreateObjectMapping: 0.076200 ms MarkObjects: 2.268900 ms  DeleteObjects: 0.012800 ms)

AssetImportParameters requested are different than current active one (requested -> active):
  custom:framework-win-MediaFoundation: 216162199b28c13a410421893ffa2e32 -> 
  custom:video-decoder-ogg-theora: a1e56fd34408186e4bbccfd4996cb3dc -> 
  custom:container-muxer-webm: aa71ff27fc2769a1b78a27578f13a17b -> 
  custom:container-demuxer-webm: 4f35f7cbe854078d1ac9338744f61a02 -> 
  custom:container-demuxer-ogg: 62fdf1f143b41e24485cea50d1cbac27 -> 
  custom:video-encoder-webm-vp8: eb34c28f22e8b96e1ab97ce403110664 -> 
  custom:video-decoder-webm-vp8: 9c59270c3fd7afecdb556c50c9e8de78 -> 
  custom:audio-decoder-ogg-vorbis: bf7c407c2cedff20999df2af8eb42d56 -> 
  custom:audio-encoder-webm-vorbis: bf7c407c2cedff20999df2af8eb42d56 -> 
========================================================================
Received Prepare
Registering precompiled user dll's ...
Registered in 0.006743 seconds.
Begin MonoManager ReloadAssembly
Native extension for WindowsStandalone target not found
Native extension for WebGL target not found
Refreshing native plugins compatible for Editor in 0.43 ms, found 3 plugins.
Preloading 0 native plugins for Editor in 0.00 ms.
Mono: successfully reloaded assembly
- Completed reload, in  0.894 seconds
Domain Reload Profiling:
	ReloadAssembly (894ms)
		BeginReloadAssembly (117ms)
			ExecutionOrderSort (0ms)
			DisableScriptedObjects (5ms)
			BackupInstance (0ms)
			ReleaseScriptingObjects (0ms)
			CreateAndSetChildDomain (25ms)
		EndReloadAssembly (714ms)
			LoadAssemblies (95ms)
			RebuildTransferFunctionScriptingTraits (0ms)
			SetupTypeCache (236ms)
			ReleaseScriptCaches (1ms)
			RebuildScriptCaches (35ms)
			SetupLoadedEditorAssemblies (267ms)
				LogAssemblyErrors (0ms)
				InitializePlatformSupportModulesInManaged (5ms)
				SetLoadedEditorAssemblies (0ms)
				RefreshPlugins (0ms)
				BeforeProcessingInitializeOnLoad (68ms)
				ProcessInitializeOnLoadAttributes (168ms)
				ProcessInitializeOnLoadMethodAttributes (11ms)
				AfterProcessingInitializeOnLoad (13ms)
				EditorAssembliesLoaded (0ms)
			ExecutionOrderSort2 (0ms)
			AwakeInstancesAfterBackupRestoration (8ms)
Platform modules already initialized, skipping
Refreshing native plugins compatible for Editor in 0.48 ms, found 3 plugins.
Preloading 0 native plugins for Editor in 0.00 ms.
Unloading 2190 Unused Serialized files (Serialized files now loaded: 0)
System memory in use before: 95.5 MB.
System memory in use after: 95.6 MB.

Unloading 17 unused Assets to reduce memory usage. Loaded Objects now: 2652.
Total: 2.387500 ms (FindLiveObjects: 0.144400 ms CreateObjectMapping: 0.072800 ms MarkObjects: 2.156700 ms  DeleteObjects: 0.012800 ms)

AssetImportParameters requested are different than current active one (requested -> active):
  custom:framework-win-MediaFoundation: 216162199b28c13a410421893ffa2e32 -> 
  custom:video-decoder-ogg-theora: a1e56fd34408186e4bbccfd4996cb3dc -> 
  custom:container-muxer-webm: aa71ff27fc2769a1b78a27578f13a17b -> 
  custom:container-demuxer-webm: 4f35f7cbe854078d1ac9338744f61a02 -> 
  custom:container-demuxer-ogg: 62fdf1f143b41e24485cea50d1cbac27 -> 
  custom:video-encoder-webm-vp8: eb34c28f22e8b96e1ab97ce403110664 -> 
  custom:video-decoder-webm-vp8: 9c59270c3fd7afecdb556c50c9e8de78 -> 
  custom:audio-decoder-ogg-vorbis: bf7c407c2cedff20999df2af8eb42d56 -> 
  custom:audio-encoder-webm-vorbis: bf7c407c2cedff20999df2af8eb42d56 -> 
========================================================================
Received Import Request.
  Time since last request: 826.156742 seconds.
  path: Assets/Knight/KnightAttack_strip.png
  artifactKey: Guid(b49399f023db0ee40839804c483e72c2) Importer(815301076,1909f56bfc062723c751e8b465ee728b)
Start importing Assets/Knight/KnightAttack_strip.png using Guid(b49399f023db0ee40839804c483e72c2) Importer(815301076,1909f56bfc062723c751e8b465ee728b)  -> (artifact id: '89dd3043a69559c4ccc13ababae7f131') in 0.115195 seconds 
  Import took 0.118149 seconds .

========================================================================
Received Import Request.
  Time since last request: 0.000231 seconds.
  path: Assets/Knight/KnightJumpAndFall_strip.png
  artifactKey: Guid(8e46f17a72f69c749af51ddba5c89d1a) Importer(815301076,1909f56bfc062723c751e8b465ee728b)
Start importing Assets/Knight/KnightJumpAndFall_strip.png using Guid(8e46f17a72f69c749af51ddba5c89d1a) Importer(815301076,1909f56bfc062723c751e8b465ee728b)  -> (artifact id: '008a89d4b92e24182e4f4fc8c241c277') in 0.018817 seconds 
  Import took 0.021476 seconds .

========================================================================
Received Import Request.
  Time since last request: 0.000200 seconds.
  path: Assets/Knight/KnightShield_strip.png
  artifactKey: Guid(f449541ef987f5344a8578c2929820a7) Importer(815301076,1909f56bfc062723c751e8b465ee728b)
Start importing Assets/Knight/KnightShield_strip.png using Guid(f449541ef987f5344a8578c2929820a7) Importer(815301076,1909f56bfc062723c751e8b465ee728b)  -> (artifact id: 'd8305bf5ec86edbd5a75ea56294f8aa3') in 0.015290 seconds 
  Import took 0.017896 seconds .

========================================================================
Received Import Request.
  Time since last request: 0.000196 seconds.
  path: Assets/Knight/noBKG_KnightAttack_strip.png
  artifactKey: Guid(0d6c89698063cb84391b641a79971414) Importer(815301076,1909f56bfc062723c751e8b465ee728b)
Start importing Assets/Knight/noBKG_KnightAttack_strip.png using Guid(0d6c89698063cb84391b641a79971414) Importer(815301076,1909f56bfc062723c751e8b465ee728b)  -> (artifact id: '1cd013e031322b84d0d3fa5a2b98d8bd') in 0.014556 seconds 
  Import took 0.017069 seconds .

========================================================================
Received Import Request.
  Time since last request: 0.000165 seconds.
  path: Assets/Knight/KnightIdle_strip.png
  artifactKey: Guid(3977748010c2f26478283dfe4dd906b2) Importer(815301076,1909f56bfc062723c751e8b465ee728b)
Start importing Assets/Knight/KnightIdle_strip.png using Guid(3977748010c2f26478283dfe4dd906b2) Importer(815301076,1909f56bfc062723c751e8b465ee728b)  -> (artifact id: 'ebfa282b11a65c499f6de251605e8928') in 0.012291 seconds 
  Import took 0.015201 seconds .

========================================================================
Received Import Request.
  Time since last request: 0.000214 seconds.
  path: Assets/Knight/KnightRun_strip.png
  artifactKey: Guid(b7da7e9e600f62c4baf224f9be14d081) Importer(815301076,1909f56bfc062723c751e8b465ee728b)
Start importing Assets/Knight/KnightRun_strip.png using Guid(b7da7e9e600f62c4baf224f9be14d081) Importer(815301076,1909f56bfc062723c751e8b465ee728b)  -> (artifact id: 'd94d54963c9eb5bc6cb818474662790f') in 0.008027 seconds 
  Import took 0.010622 seconds .

========================================================================
Received Import Request.
  Time since last request: 0.000313 seconds.
  path: Assets/Knight/noBKG_KnightRun_strip.png
  artifactKey: Guid(0fbec84ce618ea54d9256244748f49eb) Importer(815301076,1909f56bfc062723c751e8b465ee728b)
Start importing Assets/Knight/noBKG_KnightRun_strip.png using Guid(0fbec84ce618ea54d9256244748f49eb) Importer(815301076,1909f56bfc062723c751e8b465ee728b)  -> (artifact id: '2d4930cf92a780eb3bb37e7586c823f9') in 0.037479 seconds 
  Import took 0.040306 seconds .

========================================================================
Received Import Request.
  Time since last request: 0.000194 seconds.
  path: Assets/Knight/noBKG_KnightJumpAndFall_strip.png
  artifactKey: Guid(3a9aa1f8a7ee22c47b75ea75f62c99e4) Importer(815301076,1909f56bfc062723c751e8b465ee728b)
Start importing Assets/Knight/noBKG_KnightJumpAndFall_strip.png using Guid(3a9aa1f8a7ee22c47b75ea75f62c99e4) Importer(815301076,1909f56bfc062723c751e8b465ee728b)  -> (artifact id: '5637ff27cc3ee1ef3482482433c854fd') in 0.022788 seconds 
  Import took 0.025235 seconds .

========================================================================
Received Import Request.
  Time since last request: 0.000228 seconds.
  path: Assets/Knight/noBKG_KnightShield_strip.png
  artifactKey: Guid(5b4225d6e819cc644920aac68fd96d4c) Importer(815301076,1909f56bfc062723c751e8b465ee728b)
Start importing Assets/Knight/noBKG_KnightShield_strip.png using Guid(5b4225d6e819cc644920aac68fd96d4c) Importer(815301076,1909f56bfc062723c751e8b465ee728b)  -> (artifact id: 'fdfe98ff239075f43152c16f73da5515') in 0.031097 seconds 
  Import took 0.033538 seconds .

========================================================================
Received Import Request.
  Time since last request: 0.000179 seconds.
  path: Assets/Knight/noBKG_KnightRoll_strip.png
  artifactKey: Guid(11ff4160c0b2ed2468df2fd3cd31240b) Importer(815301076,1909f56bfc062723c751e8b465ee728b)
Start importing Assets/Knight/noBKG_KnightRoll_strip.png using Guid(11ff4160c0b2ed2468df2fd3cd31240b) Importer(815301076,1909f56bfc062723c751e8b465ee728b)  -> (artifact id: 'ae99c84bb1ae43255ab79854eb0d834f') in 0.030014 seconds 
  Import took 0.032449 seconds .

========================================================================
Received Import Request.
  Time since last request: 0.000189 seconds.
  path: Assets/Knight/KnightDeath_strip.png
  artifactKey: Guid(4b6ea7f92c6dcd544b6cec5d68221b0b) Importer(815301076,1909f56bfc062723c751e8b465ee728b)
Start importing Assets/Knight/KnightDeath_strip.png using Guid(4b6ea7f92c6dcd544b6cec5d68221b0b) Importer(815301076,1909f56bfc062723c751e8b465ee728b)  -> (artifact id: 'e4c3ade42ff2bae68d8d0aae1db2b2e1') in 0.066021 seconds 
  Import took 0.068459 seconds .

========================================================================
Received Import Request.
  Time since last request: 0.000162 seconds.
  path: Assets/Knight/noBKG_KnightDeath_strip.png
  artifactKey: Guid(6899a3b6a73ef27468b6836dc199686a) Importer(815301076,1909f56bfc062723c751e8b465ee728b)
Start importing Assets/Knight/noBKG_KnightDeath_strip.png using Guid(6899a3b6a73ef27468b6836dc199686a) Importer(815301076,1909f56bfc062723c751e8b465ee728b)  -> (artifact id: '10d02c281b2d4f556a8be8a242d1883b') in 0.029991 seconds 
  Import took 0.032491 seconds .

========================================================================
Received Import Request.
  Time since last request: 0.000193 seconds.
  path: Assets/Knight/KnightRoll_strip.png
  artifactKey: Guid(b1c96d6db829a7344b6d44d57b1c54dd) Importer(815301076,1909f56bfc062723c751e8b465ee728b)
Start importing Assets/Knight/KnightRoll_strip.png using Guid(b1c96d6db829a7344b6d44d57b1c54dd) Importer(815301076,1909f56bfc062723c751e8b465ee728b)  -> (artifact id: 'a68f4b11bf5fe43e41218b6f5c74ab11') in 0.009162 seconds 
  Import took 0.011964 seconds .

========================================================================
Received Import Request.
  Time since last request: 0.000192 seconds.
  path: Assets/Knight/noBKG_KnightIdle_strip.png
  artifactKey: Guid(ad56066e958656a4fbb7b20ce3107487) Importer(815301076,1909f56bfc062723c751e8b465ee728b)
Start importing Assets/Knight/noBKG_KnightIdle_strip.png using Guid(ad56066e958656a4fbb7b20ce3107487) Importer(815301076,1909f56bfc062723c751e8b465ee728b)  -> (artifact id: '37917809771b58da22854d41074beca2') in 0.030153 seconds 
  Import took 0.032938 seconds .

========================================================================
Received Import Request.
  Time since last request: 4.784097 seconds.
  path: Assets/Cainos/Pixel Art Top Down - Basic
  artifactKey: Guid(16e6903942d9bf94d9dd684620613d02) Importer(815301076,1909f56bfc062723c751e8b465ee728b)
Start importing Assets/Cainos/Pixel Art Top Down - Basic using Guid(16e6903942d9bf94d9dd684620613d02) Importer(815301076,1909f56bfc062723c751e8b465ee728b)  -> (artifact id: '021a6638c961ad95b6514434c89ba980') in 0.002219 seconds 
  Import took 0.005138 seconds .

========================================================================
Received Import Request.
  Time since last request: 1.642715 seconds.
  path: Assets/Cainos/Pixel Art Top Down - Basic/Texture
  artifactKey: Guid(4628b48f29e242a459885334c8f8bf10) Importer(815301076,1909f56bfc062723c751e8b465ee728b)
Start importing Assets/Cainos/Pixel Art Top Down - Basic/Texture using Guid(4628b48f29e242a459885334c8f8bf10) Importer(815301076,1909f56bfc062723c751e8b465ee728b)  -> (artifact id: '4d2407d2c62e3aa3c41fdd07fbc11e2f') in 0.002474 seconds 
  Import took 0.005534 seconds .

========================================================================
Received Import Request.
  Time since last request: 0.065601 seconds.
  path: Assets/Cainos/Pixel Art Top Down - Basic/Texture/TX Bush T1.asset
  artifactKey: Guid(bc066014bfda94c418719defaa69f0c1) Importer(815301076,1909f56bfc062723c751e8b465ee728b)
Start importing Assets/Cainos/Pixel Art Top Down - Basic/Texture/TX Bush T1.asset using Guid(bc066014bfda94c418719defaa69f0c1) Importer(815301076,1909f56bfc062723c751e8b465ee728b)  -> (artifact id: '9fd307c038d21db6cf3034a222be7bcc') in 0.019637 seconds 
  Import took 0.022518 seconds .

========================================================================
Received Import Request.
  Time since last request: 0.000150 seconds.
  path: Assets/Cainos/Pixel Art Top Down - Basic/Texture/TX Bush T2.asset
  artifactKey: Guid(75245bb460f983c4db262a18b223fa94) Importer(815301076,1909f56bfc062723c751e8b465ee728b)
Start importing Assets/Cainos/Pixel Art Top Down - Basic/Texture/TX Bush T2.asset using Guid(75245bb460f983c4db262a18b223fa94) Importer(815301076,1909f56bfc062723c751e8b465ee728b)  -> (artifact id: 'd7891ab7b8b70179c4c2553e770ef669') in 0.005879 seconds 
  Import took 0.008443 seconds .

========================================================================
Received Import Request.
  Time since last request: 0.000247 seconds.
  path: Assets/Cainos/Pixel Art Top Down - Basic/Texture/TX Grass I.asset
  artifactKey: Guid(28aba07071b909d40b3dcc60446b06f3) Importer(815301076,1909f56bfc062723c751e8b465ee728b)
Start importing Assets/Cainos/Pixel Art Top Down - Basic/Texture/TX Grass I.asset using Guid(28aba07071b909d40b3dcc60446b06f3) Importer(815301076,1909f56bfc062723c751e8b465ee728b)  -> (artifact id: '7aa4dec5d2854188c41fdb4c1b6ed68e') in 0.006661 seconds 
  Import took 0.009359 seconds .

========================================================================
Received Import Request.
  Time since last request: 0.000207 seconds.
  path: Assets/Cainos/Pixel Art Top Down - Basic/Texture/TX Grass J.asset
  artifactKey: Guid(9cb08a5d4bd4b294191f862bcbd3bc4b) Importer(815301076,1909f56bfc062723c751e8b465ee728b)
Start importing Assets/Cainos/Pixel Art Top Down - Basic/Texture/TX Grass J.asset using Guid(9cb08a5d4bd4b294191f862bcbd3bc4b) Importer(815301076,1909f56bfc062723c751e8b465ee728b)  -> (artifact id: 'f908ee90f963b7f81c5d98879547ef3c') in 0.006698 seconds 
  Import took 0.009594 seconds .

========================================================================
Received Import Request.
  Time since last request: 0.000166 seconds.
  path: Assets/Cainos/Pixel Art Top Down - Basic/Texture/TX Grass B.asset
  artifactKey: Guid(566298d97588fe64c8a874343e6551fa) Importer(815301076,1909f56bfc062723c751e8b465ee728b)
Start importing Assets/Cainos/Pixel Art Top Down - Basic/Texture/TX Grass B.asset using Guid(566298d97588fe64c8a874343e6551fa) Importer(815301076,1909f56bfc062723c751e8b465ee728b)  -> (artifact id: '5dfab947c4bc0659047f727554c31747') in 0.007050 seconds 
  Import took 0.009707 seconds .

========================================================================
Received Import Request.
  Time since last request: 0.000230 seconds.
  path: Assets/Cainos/Pixel Art Top Down - Basic/Texture/TX Flower.asset
  artifactKey: Guid(9f0baf23e0c87124bad58d44cc66a191) Importer(815301076,1909f56bfc062723c751e8b465ee728b)
Start importing Assets/Cainos/Pixel Art Top Down - Basic/Texture/TX Flower.asset using Guid(9f0baf23e0c87124bad58d44cc66a191) Importer(815301076,1909f56bfc062723c751e8b465ee728b)  -> (artifact id: '46a13d4397fc19dac49a0b20e73431dd') in 0.006138 seconds 
  Import took 0.008981 seconds .

========================================================================
Received Import Request.
  Time since last request: 0.000232 seconds.
  path: Assets/Cainos/Pixel Art Top Down - Basic/Texture/TX Grass C.asset
  artifactKey: Guid(fd42fb05c20bfce4b81006532a186483) Importer(815301076,1909f56bfc062723c751e8b465ee728b)
Start importing Assets/Cainos/Pixel Art Top Down - Basic/Texture/TX Grass C.asset using Guid(fd42fb05c20bfce4b81006532a186483) Importer(815301076,1909f56bfc062723c751e8b465ee728b)  -> (artifact id: '1aac1c883d50d730dc8f57a8eca49c8e') in 0.007233 seconds 
  Import took 0.010231 seconds .

========================================================================
Received Import Request.
  Time since last request: 0.000259 seconds.
  path: Assets/Cainos/Pixel Art Top Down - Basic/Texture/TX Bush T6.asset
  artifactKey: Guid(5b30b004dc0dcc447894d3d6555aee03) Importer(815301076,1909f56bfc062723c751e8b465ee728b)
Start importing Assets/Cainos/Pixel Art Top Down - Basic/Texture/TX Bush T6.asset using Guid(5b30b004dc0dcc447894d3d6555aee03) Importer(815301076,1909f56bfc062723c751e8b465ee728b)  -> (artifact id: 'f0bbdee1e68dbf280c53bec3b29ed48a') in 0.007009 seconds 
  Import took 0.009827 seconds .

========================================================================
Received Import Request.
  Time since last request: 0.000284 seconds.
  path: Assets/Cainos/Pixel Art Top Down - Basic/Texture/TX Bush T4.asset
  artifactKey: Guid(8b3cff4eb1fd7a84d90c654a534229ce) Importer(815301076,1909f56bfc062723c751e8b465ee728b)
Start importing Assets/Cainos/Pixel Art Top Down - Basic/Texture/TX Bush T4.asset using Guid(8b3cff4eb1fd7a84d90c654a534229ce) Importer(815301076,1909f56bfc062723c751e8b465ee728b)  -> (artifact id: 'f046e6687382722f28325e25bdb198da') in 0.006298 seconds 
  Import took 0.009402 seconds .

========================================================================
Received Import Request.
  Time since last request: 0.000223 seconds.
  path: Assets/Cainos/Pixel Art Top Down - Basic/Texture/TX Grass G.asset
  artifactKey: Guid(f46c5e03fd13e3742af12419b04cedbf) Importer(815301076,1909f56bfc062723c751e8b465ee728b)
Start importing Assets/Cainos/Pixel Art Top Down - Basic/Texture/TX Grass G.asset using Guid(f46c5e03fd13e3742af12419b04cedbf) Importer(815301076,1909f56bfc062723c751e8b465ee728b)  -> (artifact id: '11bff0064f307fb15121c6ed3b13411f') in 0.007847 seconds 
  Import took 0.010719 seconds .

========================================================================
Received Import Request.
  Time since last request: 0.000196 seconds.
  path: Assets/Cainos/Pixel Art Top Down - Basic/Texture/TX Grass E.asset
  artifactKey: Guid(cc0dd6818c4e43345935239d35a9af48) Importer(815301076,1909f56bfc062723c751e8b465ee728b)
Start importing Assets/Cainos/Pixel Art Top Down - Basic/Texture/TX Grass E.asset using Guid(cc0dd6818c4e43345935239d35a9af48) Importer(815301076,1909f56bfc062723c751e8b465ee728b)  -> (artifact id: '9e8973f62d7ed3c97f785ff7f53affd7') in 0.006132 seconds 
  Import took 0.009015 seconds .

========================================================================
Received Import Request.
  Time since last request: 0.000257 seconds.
  path: Assets/Cainos/Pixel Art Top Down - Basic/Texture/TX Grass H.asset
  artifactKey: Guid(09308f56b0a0b5544b3f26b0e89a936d) Importer(815301076,1909f56bfc062723c751e8b465ee728b)
Start importing Assets/Cainos/Pixel Art Top Down - Basic/Texture/TX Grass H.asset using Guid(09308f56b0a0b5544b3f26b0e89a936d) Importer(815301076,1909f56bfc062723c751e8b465ee728b)  -> (artifact id: '1036a28e75e44330f2aee660956ba0e2') in 0.007064 seconds 
  Import took 0.010089 seconds .

========================================================================
Received Import Request.
  Time since last request: 0.000221 seconds.
  path: Assets/Cainos/Pixel Art Top Down - Basic/Texture/TX Grass O.asset
  artifactKey: Guid(6eedf224eac26be40b40476402143a22) Importer(815301076,1909f56bfc062723c751e8b465ee728b)
Start importing Assets/Cainos/Pixel Art Top Down - Basic/Texture/TX Grass O.asset using Guid(6eedf224eac26be40b40476402143a22) Importer(815301076,1909f56bfc062723c751e8b465ee728b)  -> (artifact id: 'f2ea0c5ae9b61c82dc47260acefb6f3d') in 0.006365 seconds 
  Import took 0.009279 seconds .

========================================================================
Received Import Request.
  Time since last request: 0.000132 seconds.
  path: Assets/Cainos/Pixel Art Top Down - Basic/Texture/TX Grass N.asset
  artifactKey: Guid(8198f1e151eabfe46980169bf1e7daa1) Importer(815301076,1909f56bfc062723c751e8b465ee728b)
Start importing Assets/Cainos/Pixel Art Top Down - Basic/Texture/TX Grass N.asset using Guid(8198f1e151eabfe46980169bf1e7daa1) Importer(815301076,1909f56bfc062723c751e8b465ee728b)  -> (artifact id: '9b15a9b2ba592c026ff965800a3e97c1') in 0.006960 seconds 
  Import took 0.010126 seconds .

========================================================================
Received Import Request.
  Time since last request: 0.000146 seconds.
  path: Assets/Cainos/Pixel Art Top Down - Basic/Texture/TX Grass K.asset
  artifactKey: Guid(eb68e00037b116f449b6f5cb3a9e32dd) Importer(815301076,1909f56bfc062723c751e8b465ee728b)
Start importing Assets/Cainos/Pixel Art Top Down - Basic/Texture/TX Grass K.asset using Guid(eb68e00037b116f449b6f5cb3a9e32dd) Importer(815301076,1909f56bfc062723c751e8b465ee728b)  -> (artifact id: 'd3a1163d3b67f0d7ca701859f016cd01') in 0.008683 seconds 
  Import took 0.011348 seconds .

========================================================================
Received Import Request.
  Time since last request: 0.000240 seconds.
  path: Assets/Cainos/Pixel Art Top Down - Basic/Texture/TX Grass A.asset
  artifactKey: Guid(d791ed2225fab9342b791f52564ea829) Importer(815301076,1909f56bfc062723c751e8b465ee728b)
Start importing Assets/Cainos/Pixel Art Top Down - Basic/Texture/TX Grass A.asset using Guid(d791ed2225fab9342b791f52564ea829) Importer(815301076,1909f56bfc062723c751e8b465ee728b)  -> (artifact id: 'b82ddf068af524c5ecdae4c1ad3f0d8e') in 0.007409 seconds 
  Import took 0.010549 seconds .

========================================================================
Received Import Request.
  Time since last request: 0.000173 seconds.
  path: Assets/Cainos/Pixel Art Top Down - Basic/Texture/TX Grass D.asset
  artifactKey: Guid(61b1006e731949248b8857c3cb29dbed) Importer(815301076,1909f56bfc062723c751e8b465ee728b)
Start importing Assets/Cainos/Pixel Art Top Down - Basic/Texture/TX Grass D.asset using Guid(61b1006e731949248b8857c3cb29dbed) Importer(815301076,1909f56bfc062723c751e8b465ee728b)  -> (artifact id: '212b161172be85bbd307536efb79b73a') in 0.006664 seconds 
  Import took 0.009752 seconds .

========================================================================
Received Import Request.
  Time since last request: 0.000234 seconds.
  path: Assets/Cainos/Pixel Art Top Down - Basic/Texture/TX Grass F.asset
  artifactKey: Guid(0bf76c888c0935f4386a46eee4cc81ca) Importer(815301076,1909f56bfc062723c751e8b465ee728b)
Start importing Assets/Cainos/Pixel Art Top Down - Basic/Texture/TX Grass F.asset using Guid(0bf76c888c0935f4386a46eee4cc81ca) Importer(815301076,1909f56bfc062723c751e8b465ee728b)  -> (artifact id: '49719834af82c26115e65fff7d43ffca') in 0.006386 seconds 
  Import took 0.009425 seconds .

========================================================================
Received Import Request.
  Time since last request: 0.000207 seconds.
  path: Assets/Cainos/Pixel Art Top Down - Basic/Texture/TX Grass M.asset
  artifactKey: Guid(f776799bf99de1e4b920cf51798d5ea8) Importer(815301076,1909f56bfc062723c751e8b465ee728b)
Start importing Assets/Cainos/Pixel Art Top Down - Basic/Texture/TX Grass M.asset using Guid(f776799bf99de1e4b920cf51798d5ea8) Importer(815301076,1909f56bfc062723c751e8b465ee728b)  -> (artifact id: 'b6a441d6a6cae546a1221f899a53c391') in 0.006703 seconds 
  Import took 0.009359 seconds .

========================================================================
Received Import Request.
  Time since last request: 0.000176 seconds.
  path: Assets/Cainos/Pixel Art Top Down - Basic/Texture/TX Bush T3.asset
  artifactKey: Guid(c74be88587ce56c4e92f9921eb288536) Importer(815301076,1909f56bfc062723c751e8b465ee728b)
Start importing Assets/Cainos/Pixel Art Top Down - Basic/Texture/TX Bush T3.asset using Guid(c74be88587ce56c4e92f9921eb288536) Importer(815301076,1909f56bfc062723c751e8b465ee728b)  -> (artifact id: 'fadc50d71896c5261062cdae75ea5626') in 0.006705 seconds 
  Import took 0.010143 seconds .

========================================================================
Received Import Request.
  Time since last request: 0.000183 seconds.
  path: Assets/Cainos/Pixel Art Top Down - Basic/Texture/TX Bush T5.asset
  artifactKey: Guid(e30f47db9211fac428c4568f03f44dca) Importer(815301076,1909f56bfc062723c751e8b465ee728b)
Start importing Assets/Cainos/Pixel Art Top Down - Basic/Texture/TX Bush T5.asset using Guid(e30f47db9211fac428c4568f03f44dca) Importer(815301076,1909f56bfc062723c751e8b465ee728b)  -> (artifact id: 'dc6a55367493c7d7148b1aab574400a6') in 0.007766 seconds 
  Import took 0.010507 seconds .

========================================================================
Received Import Request.
  Time since last request: 0.000232 seconds.
  path: Assets/Cainos/Pixel Art Top Down - Basic/Texture/TX Grass L.asset
  artifactKey: Guid(235163d4e04fa674593b43d4e025d81a) Importer(815301076,1909f56bfc062723c751e8b465ee728b)
Start importing Assets/Cainos/Pixel Art Top Down - Basic/Texture/TX Grass L.asset using Guid(235163d4e04fa674593b43d4e025d81a) Importer(815301076,1909f56bfc062723c751e8b465ee728b)  -> (artifact id: '5698bbc8218b5f412079bbd129e3af43') in 0.006747 seconds 
  Import took 0.009390 seconds .

========================================================================
Received Import Request.
  Time since last request: 0.000217 seconds.
  path: Assets/Cainos/Pixel Art Top Down - Basic/Texture/TX Plant.png
  artifactKey: Guid(c3a40e1c46727b94e959990527f8e7fa) Importer(815301076,1909f56bfc062723c751e8b465ee728b)
Start importing Assets/Cainos/Pixel Art Top Down - Basic/Texture/TX Plant.png using Guid(c3a40e1c46727b94e959990527f8e7fa) Importer(815301076,1909f56bfc062723c751e8b465ee728b)  -> (artifact id: 'c844930fb469709c25d861641967cb31') in 0.056698 seconds 
  Import took 0.059628 seconds .

========================================================================
Received Import Request.
  Time since last request: 3.221179 seconds.
  path: Assets/
  artifactKey: Guid(591dc37cc16abe24b978a87ce119b534) Importer(815301076,1909f56bfc062723c751e8b465ee728b)
Start importing Assets/ using Guid(591dc37cc16abe24b978a87ce119b534) Importer(815301076,1909f56bfc062723c751e8b465ee728b)  -> (artifact id: 'c8da3336eb4917639cd2eaec58f3bf14') in 0.002148 seconds 
  Import took 0.005387 seconds .

========================================================================
Received Import Request.
  Time since last request: 1.348661 seconds.
  path: Assets/
  artifactKey: Guid(146e9778ec2077b4da3f1886508b6ce4) Importer(815301076,1909f56bfc062723c751e8b465ee728b)
Start importing Assets/ using Guid(146e9778ec2077b4da3f1886508b6ce4) Importer(815301076,1909f56bfc062723c751e8b465ee728b)  -> (artifact id: '1b6f5bab3690c91e25b698219b7da434') in 0.002465 seconds 
  Import took 0.005580 seconds .

========================================================================
Received Import Request.
  Time since last request: 0.047637 seconds.
  path: Assets//.ttf
  artifactKey: Guid(28b260fe3a5877e4eb29df4dcdfc16a2) Importer(815301076,1909f56bfc062723c751e8b465ee728b)
Start importing Assets//.ttf using Guid(28b260fe3a5877e4eb29df4dcdfc16a2) Importer(815301076,1909f56bfc062723c751e8b465ee728b)  -> (artifact id: '15ea4dee3b96443b5be37b3d1e42da55') in 0.047983 seconds 
  Import took 0.051542 seconds .

========================================================================
Received Import Request.
  Time since last request: 1.705630 seconds.
  path: Assets/
  artifactKey: Guid(b7142f2e35ca40448b12675f64764b65) Importer(815301076,1909f56bfc062723c751e8b465ee728b)
Start importing Assets/ using Guid(b7142f2e35ca40448b12675f64764b65) Importer(815301076,1909f56bfc062723c751e8b465ee728b)  -> (artifact id: 'd02c35a6529a42876a214335cb813ccd') in 0.002612 seconds 
  Import took 0.005660 seconds .

========================================================================
Received Import Request.
  Time since last request: 0.063001 seconds.
  path: Assets//Player.prefab
  artifactKey: Guid(b479138b4d9f12d48b21b816c4f9fc34) Importer(815301076,1909f56bfc062723c751e8b465ee728b)
Start importing Assets//Player.prefab using Guid(b479138b4d9f12d48b21b816c4f9fc34) Importer(815301076,1909f56bfc062723c751e8b465ee728b)  -> (artifact id: '649221d2e16e4cce72aa6634264dee79') in 0.023759 seconds 
  Import took 0.026642 seconds .

========================================================================
Received Prepare
Registering precompiled user dll's ...
Registered in 0.005647 seconds.
Begin MonoManager ReloadAssembly
Native extension for WindowsStandalone target not found
Native extension for WebGL target not found
Refreshing native plugins compatible for Editor in 0.63 ms, found 3 plugins.
Preloading 0 native plugins for Editor in 0.00 ms.
Mono: successfully reloaded assembly
- Completed reload, in  0.885 seconds
Domain Reload Profiling:
	ReloadAssembly (886ms)
		BeginReloadAssembly (115ms)
			ExecutionOrderSort (0ms)
			DisableScriptedObjects (4ms)
			BackupInstance (0ms)
			ReleaseScriptingObjects (0ms)
			CreateAndSetChildDomain (26ms)
		EndReloadAssembly (707ms)
			LoadAssemblies (103ms)
			RebuildTransferFunctionScriptingTraits (0ms)
			SetupTypeCache (240ms)
			ReleaseScriptCaches (1ms)
			RebuildScriptCaches (35ms)
			SetupLoadedEditorAssemblies (260ms)
				LogAssemblyErrors (0ms)
				InitializePlatformSupportModulesInManaged (5ms)
				SetLoadedEditorAssemblies (0ms)
				RefreshPlugins (1ms)
				BeforeProcessingInitializeOnLoad (71ms)
				ProcessInitializeOnLoadAttributes (162ms)
				ProcessInitializeOnLoadMethodAttributes (9ms)
				AfterProcessingInitializeOnLoad (12ms)
				EditorAssembliesLoaded (0ms)
			ExecutionOrderSort2 (0ms)
			AwakeInstancesAfterBackupRestoration (7ms)
Platform modules already initialized, skipping
Refreshing native plugins compatible for Editor in 0.48 ms, found 3 plugins.
Preloading 0 native plugins for Editor in 0.00 ms.
Unloading 2190 Unused Serialized files (Serialized files now loaded: 0)
System memory in use before: 99.1 MB.
System memory in use after: 99.3 MB.

Unloading 17 unused Assets to reduce memory usage. Loaded Objects now: 2766.
Total: 2.345800 ms (FindLiveObjects: 0.146200 ms CreateObjectMapping: 0.070000 ms MarkObjects: 2.117700 ms  DeleteObjects: 0.011100 ms)

AssetImportParameters requested are different than current active one (requested -> active):
  custom:framework-win-MediaFoundation: 216162199b28c13a410421893ffa2e32 -> 
  custom:video-decoder-ogg-theora: a1e56fd34408186e4bbccfd4996cb3dc -> 
  custom:container-muxer-webm: aa71ff27fc2769a1b78a27578f13a17b -> 
  custom:container-demuxer-webm: 4f35f7cbe854078d1ac9338744f61a02 -> 
  custom:container-demuxer-ogg: 62fdf1f143b41e24485cea50d1cbac27 -> 
  custom:video-encoder-webm-vp8: eb34c28f22e8b96e1ab97ce403110664 -> 
  custom:video-decoder-webm-vp8: 9c59270c3fd7afecdb556c50c9e8de78 -> 
  custom:audio-decoder-ogg-vorbis: bf7c407c2cedff20999df2af8eb42d56 -> 
  custom:audio-encoder-webm-vorbis: bf7c407c2cedff20999df2af8eb42d56 -> 
========================================================================
Received Prepare
Registering precompiled user dll's ...
Registered in 0.005922 seconds.
Begin MonoManager ReloadAssembly
Native extension for WindowsStandalone target not found
Native extension for WebGL target not found
Refreshing native plugins compatible for Editor in 0.43 ms, found 3 plugins.
Preloading 0 native plugins for Editor in 0.00 ms.
Mono: successfully reloaded assembly
- Completed reload, in  0.889 seconds
Domain Reload Profiling:
	ReloadAssembly (889ms)
		BeginReloadAssembly (120ms)
			ExecutionOrderSort (0ms)
			DisableScriptedObjects (5ms)
			BackupInstance (0ms)
			ReleaseScriptingObjects (0ms)
			CreateAndSetChildDomain (25ms)
		EndReloadAssembly (706ms)
			LoadAssemblies (95ms)
			RebuildTransferFunctionScriptingTraits (0ms)
			SetupTypeCache (235ms)
			ReleaseScriptCaches (1ms)
			RebuildScriptCaches (37ms)
			SetupLoadedEditorAssemblies (261ms)
				LogAssemblyErrors (0ms)
				InitializePlatformSupportModulesInManaged (5ms)
				SetLoadedEditorAssemblies (0ms)
				RefreshPlugins (0ms)
				BeforeProcessingInitializeOnLoad (68ms)
				ProcessInitializeOnLoadAttributes (166ms)
				ProcessInitializeOnLoadMethodAttributes (9ms)
				AfterProcessingInitializeOnLoad (12ms)
				EditorAssembliesLoaded (0ms)
			ExecutionOrderSort2 (0ms)
			AwakeInstancesAfterBackupRestoration (7ms)
Platform modules already initialized, skipping
Refreshing native plugins compatible for Editor in 0.46 ms, found 3 plugins.
Preloading 0 native plugins for Editor in 0.00 ms.
Unloading 2190 Unused Serialized files (Serialized files now loaded: 0)
System memory in use before: 99.1 MB.
System memory in use after: 99.3 MB.

Unloading 17 unused Assets to reduce memory usage. Loaded Objects now: 2768.
Total: 2.520800 ms (FindLiveObjects: 0.157700 ms CreateObjectMapping: 0.075400 ms MarkObjects: 2.273700 ms  DeleteObjects: 0.013200 ms)

AssetImportParameters requested are different than current active one (requested -> active):
  custom:framework-win-MediaFoundation: 216162199b28c13a410421893ffa2e32 -> 
  custom:video-decoder-ogg-theora: a1e56fd34408186e4bbccfd4996cb3dc -> 
  custom:container-muxer-webm: aa71ff27fc2769a1b78a27578f13a17b -> 
  custom:container-demuxer-webm: 4f35f7cbe854078d1ac9338744f61a02 -> 
  custom:container-demuxer-ogg: 62fdf1f143b41e24485cea50d1cbac27 -> 
  custom:video-encoder-webm-vp8: eb34c28f22e8b96e1ab97ce403110664 -> 
  custom:video-decoder-webm-vp8: 9c59270c3fd7afecdb556c50c9e8de78 -> 
  custom:audio-decoder-ogg-vorbis: bf7c407c2cedff20999df2af8eb42d56 -> 
  custom:audio-encoder-webm-vorbis: bf7c407c2cedff20999df2af8eb42d56 -> 
========================================================================
Received Import Request.
  Time since last request: 476.463921 seconds.
  path: Assets/Knight/KnightAttack_strip.png
  artifactKey: Guid(b49399f023db0ee40839804c483e72c2) Importer(815301076,1909f56bfc062723c751e8b465ee728b)
Start importing Assets/Knight/KnightAttack_strip.png using Guid(b49399f023db0ee40839804c483e72c2) Importer(815301076,1909f56bfc062723c751e8b465ee728b)  -> (artifact id: '49a28f603b4cf9ab3c636696a7f072c0') in 0.026760 seconds 
  Import took 0.029695 seconds .

========================================================================
Received Import Request.
  Time since last request: 28.624256 seconds.
  path: Assets/Knight/KnightAttack_strip.png
  artifactKey: Guid(b49399f023db0ee40839804c483e72c2) Importer(815301076,1909f56bfc062723c751e8b465ee728b)
Start importing Assets/Knight/KnightAttack_strip.png using Guid(b49399f023db0ee40839804c483e72c2) Importer(815301076,1909f56bfc062723c751e8b465ee728b)  -> (artifact id: '96686599ccd5f82be5cec0e81932cd58') in 0.049747 seconds 
  Import took 0.052664 seconds .

========================================================================
Received Import Request.
  Time since last request: 31.680630 seconds.
  path: Assets/Knight/noBKG_KnightAttack_strip.png
  artifactKey: Guid(0d6c89698063cb84391b641a79971414) Importer(815301076,1909f56bfc062723c751e8b465ee728b)
Start importing Assets/Knight/noBKG_KnightAttack_strip.png using Guid(0d6c89698063cb84391b641a79971414) Importer(815301076,1909f56bfc062723c751e8b465ee728b)  -> (artifact id: '72b6ac376e72b60dc018dbade6f85fee') in 0.007423 seconds 
  Import took 0.010563 seconds .

========================================================================
Received Import Request.
  Time since last request: 14.874344 seconds.
  path: Assets/Knight/noBKG_KnightAttack_strip.png
  artifactKey: Guid(0d6c89698063cb84391b641a79971414) Importer(815301076,1909f56bfc062723c751e8b465ee728b)
Start importing Assets/Knight/noBKG_KnightAttack_strip.png using Guid(0d6c89698063cb84391b641a79971414) Importer(815301076,1909f56bfc062723c751e8b465ee728b)  -> (artifact id: '4d59cda06f10d363cb84410960eb0732') in 0.106695 seconds 
  Import took 0.109530 seconds .

========================================================================
Received Import Request.
  Time since last request: 103.236377 seconds.
  path: Assets//noBKG_KnightAttack_strip_13.controller
  artifactKey: Guid(1b3bc67e2091c7c42a1b36bcc4791590) Importer(815301076,1909f56bfc062723c751e8b465ee728b)
Start importing Assets//noBKG_KnightAttack_strip_13.controller using Guid(1b3bc67e2091c7c42a1b36bcc4791590) Importer(815301076,1909f56bfc062723c751e8b465ee728b)  -> (artifact id: 'e8d0b10f2f7b12215a87314637b5d848') in 0.004087 seconds 
  Import took 0.006908 seconds .

========================================================================
Received Import Request.
  Time since last request: 0.986311 seconds.
  path: Assets//PlayerIdle.controller
  artifactKey: Guid(72e70266b29229e45a2712d4ed51b03b) Importer(815301076,1909f56bfc062723c751e8b465ee728b)
Start importing Assets//PlayerIdle.controller using Guid(72e70266b29229e45a2712d4ed51b03b) Importer(815301076,1909f56bfc062723c751e8b465ee728b)  -> (artifact id: '14ea172fc7f92bcdba6360b6b8706259') in 0.005228 seconds 
  Import took 0.008742 seconds .

========================================================================
Received Import Request.
  Time since last request: 23.614894 seconds.
  path: Assets//PlayerAttack.anim
  artifactKey: Guid(a833b5e1f77863c4fbc386f6dfa48491) Importer(815301076,1909f56bfc062723c751e8b465ee728b)
Start importing Assets//PlayerAttack.anim using Guid(a833b5e1f77863c4fbc386f6dfa48491) Importer(815301076,1909f56bfc062723c751e8b465ee728b)  -> (artifact id: '23a76a5bb34393b4e137ecdda91c8db9') in 0.003612 seconds 
  Import took 0.006486 seconds .

========================================================================
Received Import Request.
  Time since last request: 33.275743 seconds.
  path: Assets//PlayerRun.anim
  artifactKey: Guid(259728ec96e0ded4b995bd91025ea213) Importer(815301076,1909f56bfc062723c751e8b465ee728b)
Start importing Assets//PlayerRun.anim using Guid(259728ec96e0ded4b995bd91025ea213) Importer(815301076,1909f56bfc062723c751e8b465ee728b)  -> (artifact id: '8f15c53a86ca4af39b9cedc9061bcf91') in 0.003345 seconds 
  Import took 0.006820 seconds .

========================================================================
Received Import Request.
  Time since last request: 0.586207 seconds.
  path: Assets//PlayerDeath.anim
  artifactKey: Guid(1823241dc1e4353438a6e214b6c42feb) Importer(815301076,1909f56bfc062723c751e8b465ee728b)
Start importing Assets//PlayerDeath.anim using Guid(1823241dc1e4353438a6e214b6c42feb) Importer(815301076,1909f56bfc062723c751e8b465ee728b)  -> (artifact id: '87e8db814fe0fa5fe1938fc7d0e76cb7') in 0.002618 seconds 
  Import took 0.005461 seconds .

========================================================================
Received Import Request.
  Time since last request: 0.413653 seconds.
  path: Assets//PlayerIdle.anim
  artifactKey: Guid(f4e6a6f2d682bf44a820a7b321eb613e) Importer(815301076,1909f56bfc062723c751e8b465ee728b)
Start importing Assets//PlayerIdle.anim using Guid(f4e6a6f2d682bf44a820a7b321eb613e) Importer(815301076,1909f56bfc062723c751e8b465ee728b)  -> (artifact id: 'ecbba59db17ceab4e1a6e56d300afbc5') in 0.003236 seconds 
  Import took 0.006495 seconds .

========================================================================
Received Prepare
Registering precompiled user dll's ...
Registered in 0.005627 seconds.
Begin MonoManager ReloadAssembly
Native extension for WindowsStandalone target not found
Native extension for WebGL target not found
Refreshing native plugins compatible for Editor in 0.47 ms, found 3 plugins.
Preloading 0 native plugins for Editor in 0.00 ms.
Mono: successfully reloaded assembly
- Completed reload, in  0.895 seconds
Domain Reload Profiling:
	ReloadAssembly (896ms)
		BeginReloadAssembly (112ms)
			ExecutionOrderSort (0ms)
			DisableScriptedObjects (5ms)
			BackupInstance (0ms)
			ReleaseScriptingObjects (0ms)
			CreateAndSetChildDomain (27ms)
		EndReloadAssembly (720ms)
			LoadAssemblies (96ms)
			RebuildTransferFunctionScriptingTraits (0ms)
			SetupTypeCache (248ms)
			ReleaseScriptCaches (1ms)
			RebuildScriptCaches (36ms)
			SetupLoadedEditorAssemblies (263ms)
				LogAssemblyErrors (0ms)
				InitializePlatformSupportModulesInManaged (5ms)
				SetLoadedEditorAssemblies (0ms)
				RefreshPlugins (1ms)
				BeforeProcessingInitializeOnLoad (73ms)
				ProcessInitializeOnLoadAttributes (164ms)
				ProcessInitializeOnLoadMethodAttributes (9ms)
				AfterProcessingInitializeOnLoad (12ms)
				EditorAssembliesLoaded (0ms)
			ExecutionOrderSort2 (0ms)
			AwakeInstancesAfterBackupRestoration (7ms)
Platform modules already initialized, skipping
Refreshing native plugins compatible for Editor in 0.49 ms, found 3 plugins.
Preloading 0 native plugins for Editor in 0.00 ms.
Unloading 2190 Unused Serialized files (Serialized files now loaded: 0)
System memory in use before: 99.2 MB.
System memory in use after: 99.4 MB.

Unloading 17 unused Assets to reduce memory usage. Loaded Objects now: 2773.
Total: 2.430300 ms (FindLiveObjects: 0.169500 ms CreateObjectMapping: 0.083800 ms MarkObjects: 2.164000 ms  DeleteObjects: 0.012400 ms)

AssetImportParameters requested are different than current active one (requested -> active):
  custom:framework-win-MediaFoundation: 216162199b28c13a410421893ffa2e32 -> 
  custom:video-decoder-ogg-theora: a1e56fd34408186e4bbccfd4996cb3dc -> 
  custom:container-muxer-webm: aa71ff27fc2769a1b78a27578f13a17b -> 
  custom:container-demuxer-webm: 4f35f7cbe854078d1ac9338744f61a02 -> 
  custom:container-demuxer-ogg: 62fdf1f143b41e24485cea50d1cbac27 -> 
  custom:video-encoder-webm-vp8: eb34c28f22e8b96e1ab97ce403110664 -> 
  custom:video-decoder-webm-vp8: 9c59270c3fd7afecdb556c50c9e8de78 -> 
  custom:audio-decoder-ogg-vorbis: bf7c407c2cedff20999df2af8eb42d56 -> 
  custom:audio-encoder-webm-vorbis: bf7c407c2cedff20999df2af8eb42d56 -> 
========================================================================
Received Prepare
Registering precompiled user dll's ...
Registered in 0.005588 seconds.
Begin MonoManager ReloadAssembly
Native extension for WindowsStandalone target not found
Native extension for WebGL target not found
Refreshing native plugins compatible for Editor in 0.43 ms, found 3 plugins.
Preloading 0 native plugins for Editor in 0.00 ms.
Mono: successfully reloaded assembly
- Completed reload, in  0.915 seconds
Domain Reload Profiling:
	ReloadAssembly (916ms)
		BeginReloadAssembly (121ms)
			ExecutionOrderSort (0ms)
			DisableScriptedObjects (5ms)
			BackupInstance (0ms)
			ReleaseScriptingObjects (0ms)
			CreateAndSetChildDomain (26ms)
		EndReloadAssembly (727ms)
			LoadAssemblies (101ms)
			RebuildTransferFunctionScriptingTraits (0ms)
			SetupTypeCache (252ms)
			ReleaseScriptCaches (1ms)
			RebuildScriptCaches (35ms)
			SetupLoadedEditorAssemblies (262ms)
				LogAssemblyErrors (0ms)
				InitializePlatformSupportModulesInManaged (5ms)
				SetLoadedEditorAssemblies (0ms)
				RefreshPlugins (0ms)
				BeforeProcessingInitializeOnLoad (71ms)
				ProcessInitializeOnLoadAttributes (163ms)
				ProcessInitializeOnLoadMethodAttributes (9ms)
				AfterProcessingInitializeOnLoad (13ms)
				EditorAssembliesLoaded (0ms)
			ExecutionOrderSort2 (0ms)
			AwakeInstancesAfterBackupRestoration (7ms)
Platform modules already initialized, skipping
Refreshing native plugins compatible for Editor in 0.46 ms, found 3 plugins.
Preloading 0 native plugins for Editor in 0.00 ms.
Unloading 2190 Unused Serialized files (Serialized files now loaded: 0)
System memory in use before: 99.2 MB.
System memory in use after: 99.4 MB.

Unloading 17 unused Assets to reduce memory usage. Loaded Objects now: 2775.
Total: 2.526500 ms (FindLiveObjects: 0.166400 ms CreateObjectMapping: 0.075200 ms MarkObjects: 2.270900 ms  DeleteObjects: 0.013200 ms)

AssetImportParameters requested are different than current active one (requested -> active):
  custom:framework-win-MediaFoundation: 216162199b28c13a410421893ffa2e32 -> 
  custom:video-decoder-ogg-theora: a1e56fd34408186e4bbccfd4996cb3dc -> 
  custom:container-muxer-webm: aa71ff27fc2769a1b78a27578f13a17b -> 
  custom:container-demuxer-webm: 4f35f7cbe854078d1ac9338744f61a02 -> 
  custom:container-demuxer-ogg: 62fdf1f143b41e24485cea50d1cbac27 -> 
  custom:video-encoder-webm-vp8: eb34c28f22e8b96e1ab97ce403110664 -> 
  custom:video-decoder-webm-vp8: 9c59270c3fd7afecdb556c50c9e8de78 -> 
  custom:audio-decoder-ogg-vorbis: bf7c407c2cedff20999df2af8eb42d56 -> 
  custom:audio-encoder-webm-vorbis: bf7c407c2cedff20999df2af8eb42d56 -> 
========================================================================
Received Prepare
Registering precompiled user dll's ...
Registered in 0.005468 seconds.
Begin MonoManager ReloadAssembly
Native extension for WindowsStandalone target not found
Native extension for WebGL target not found
Refreshing native plugins compatible for Editor in 0.44 ms, found 3 plugins.
Preloading 0 native plugins for Editor in 0.00 ms.
Mono: successfully reloaded assembly
- Completed reload, in  1.075 seconds
Domain Reload Profiling:
	ReloadAssembly (1075ms)
		BeginReloadAssembly (128ms)
			ExecutionOrderSort (0ms)
			DisableScriptedObjects (6ms)
			BackupInstance (0ms)
			ReleaseScriptingObjects (0ms)
			CreateAndSetChildDomain (30ms)
		EndReloadAssembly (869ms)
			LoadAssemblies (118ms)
			RebuildTransferFunctionScriptingTraits (0ms)
			SetupTypeCache (292ms)
			ReleaseScriptCaches (1ms)
			RebuildScriptCaches (42ms)
			SetupLoadedEditorAssemblies (329ms)
				LogAssemblyErrors (0ms)
				InitializePlatformSupportModulesInManaged (6ms)
				SetLoadedEditorAssemblies (0ms)
				RefreshPlugins (0ms)
				BeforeProcessingInitializeOnLoad (87ms)
				ProcessInitializeOnLoadAttributes (208ms)
				ProcessInitializeOnLoadMethodAttributes (11ms)
				AfterProcessingInitializeOnLoad (15ms)
				EditorAssembliesLoaded (0ms)
			ExecutionOrderSort2 (0ms)
			AwakeInstancesAfterBackupRestoration (9ms)
Platform modules already initialized, skipping
Refreshing native plugins compatible for Editor in 0.47 ms, found 3 plugins.
Preloading 0 native plugins for Editor in 0.00 ms.
Unloading 2190 Unused Serialized files (Serialized files now loaded: 0)
System memory in use before: 99.2 MB.
System memory in use after: 99.5 MB.

Unloading 17 unused Assets to reduce memory usage. Loaded Objects now: 2777.
Total: 3.178500 ms (FindLiveObjects: 0.233100 ms CreateObjectMapping: 0.080100 ms MarkObjects: 2.847200 ms  DeleteObjects: 0.017200 ms)

AssetImportParameters requested are different than current active one (requested -> active):
  custom:framework-win-MediaFoundation: 216162199b28c13a410421893ffa2e32 -> 
  custom:video-decoder-ogg-theora: a1e56fd34408186e4bbccfd4996cb3dc -> 
  custom:container-muxer-webm: aa71ff27fc2769a1b78a27578f13a17b -> 
  custom:container-demuxer-webm: 4f35f7cbe854078d1ac9338744f61a02 -> 
  custom:container-demuxer-ogg: 62fdf1f143b41e24485cea50d1cbac27 -> 
  custom:video-encoder-webm-vp8: eb34c28f22e8b96e1ab97ce403110664 -> 
  custom:video-decoder-webm-vp8: 9c59270c3fd7afecdb556c50c9e8de78 -> 
  custom:audio-decoder-ogg-vorbis: bf7c407c2cedff20999df2af8eb42d56 -> 
  custom:audio-encoder-webm-vorbis: bf7c407c2cedff20999df2af8eb42d56 -> 
========================================================================
Received Prepare
Registering precompiled user dll's ...
Registered in 0.005728 seconds.
Begin MonoManager ReloadAssembly
Native extension for WindowsStandalone target not found
Native extension for WebGL target not found
Refreshing native plugins compatible for Editor in 0.43 ms, found 3 plugins.
Preloading 0 native plugins for Editor in 0.00 ms.
Mono: successfully reloaded assembly
- Completed reload, in  0.896 seconds
Domain Reload Profiling:
	ReloadAssembly (896ms)
		BeginReloadAssembly (117ms)
			ExecutionOrderSort (0ms)
			DisableScriptedObjects (5ms)
			BackupInstance (0ms)
			ReleaseScriptingObjects (0ms)
			CreateAndSetChildDomain (25ms)
		EndReloadAssembly (716ms)
			LoadAssemblies (97ms)
			RebuildTransferFunctionScriptingTraits (0ms)
			SetupTypeCache (240ms)
			ReleaseScriptCaches (1ms)
			RebuildScriptCaches (35ms)
			SetupLoadedEditorAssemblies (266ms)
				LogAssemblyErrors (0ms)
				InitializePlatformSupportModulesInManaged (5ms)
				SetLoadedEditorAssemblies (0ms)
				RefreshPlugins (0ms)
				BeforeProcessingInitializeOnLoad (69ms)
				ProcessInitializeOnLoadAttributes (166ms)
				ProcessInitializeOnLoadMethodAttributes (13ms)
				AfterProcessingInitializeOnLoad (12ms)
				EditorAssembliesLoaded (0ms)
			ExecutionOrderSort2 (0ms)
			AwakeInstancesAfterBackupRestoration (7ms)
Platform modules already initialized, skipping
Refreshing native plugins compatible for Editor in 0.46 ms, found 3 plugins.
Preloading 0 native plugins for Editor in 0.00 ms.
Unloading 2190 Unused Serialized files (Serialized files now loaded: 0)
System memory in use before: 99.2 MB.
System memory in use after: 99.5 MB.

Unloading 17 unused Assets to reduce memory usage. Loaded Objects now: 2779.
Total: 2.496600 ms (FindLiveObjects: 0.156400 ms CreateObjectMapping: 0.074600 ms MarkObjects: 2.252100 ms  DeleteObjects: 0.012700 ms)

AssetImportParameters requested are different than current active one (requested -> active):
  custom:framework-win-MediaFoundation: 216162199b28c13a410421893ffa2e32 -> 
  custom:video-decoder-ogg-theora: a1e56fd34408186e4bbccfd4996cb3dc -> 
  custom:container-muxer-webm: aa71ff27fc2769a1b78a27578f13a17b -> 
  custom:container-demuxer-webm: 4f35f7cbe854078d1ac9338744f61a02 -> 
  custom:container-demuxer-ogg: 62fdf1f143b41e24485cea50d1cbac27 -> 
  custom:video-encoder-webm-vp8: eb34c28f22e8b96e1ab97ce403110664 -> 
  custom:video-decoder-webm-vp8: 9c59270c3fd7afecdb556c50c9e8de78 -> 
  custom:audio-decoder-ogg-vorbis: bf7c407c2cedff20999df2af8eb42d56 -> 
  custom:audio-encoder-webm-vorbis: bf7c407c2cedff20999df2af8eb42d56 -> 
========================================================================
Received Import Request.
  Time since last request: 178.654151 seconds.
  path: Assets/Weaponsystem.cs
  artifactKey: Guid(81172b21183382c40a5db373cd6ad10a) Importer(815301076,1909f56bfc062723c751e8b465ee728b)
Start importing Assets/Weaponsystem.cs using Guid(81172b21183382c40a5db373cd6ad10a) Importer(815301076,1909f56bfc062723c751e8b465ee728b)  -> (artifact id: '4d34eb8117ca07a85737041090face30') in 0.005067 seconds 
  Import took 0.008838 seconds .

========================================================================
Received Prepare
Registering precompiled user dll's ...
Registered in 0.006150 seconds.
Begin MonoManager ReloadAssembly
Native extension for WindowsStandalone target not found
Native extension for WebGL target not found
Refreshing native plugins compatible for Editor in 0.43 ms, found 3 plugins.
Preloading 0 native plugins for Editor in 0.00 ms.
Mono: successfully reloaded assembly
- Completed reload, in  0.923 seconds
Domain Reload Profiling:
	ReloadAssembly (923ms)
		BeginReloadAssembly (117ms)
			ExecutionOrderSort (0ms)
			DisableScriptedObjects (5ms)
			BackupInstance (0ms)
			ReleaseScriptingObjects (0ms)
			CreateAndSetChildDomain (26ms)
		EndReloadAssembly (744ms)
			LoadAssemblies (97ms)
			RebuildTransferFunctionScriptingTraits (0ms)
			SetupTypeCache (246ms)
			ReleaseScriptCaches (1ms)
			RebuildScriptCaches (43ms)
			SetupLoadedEditorAssemblies (280ms)
				LogAssemblyErrors (0ms)
				InitializePlatformSupportModulesInManaged (5ms)
				SetLoadedEditorAssemblies (0ms)
				RefreshPlugins (0ms)
				BeforeProcessingInitializeOnLoad (69ms)
				ProcessInitializeOnLoadAttributes (184ms)
				ProcessInitializeOnLoadMethodAttributes (9ms)
				AfterProcessingInitializeOnLoad (12ms)
				EditorAssembliesLoaded (0ms)
			ExecutionOrderSort2 (0ms)
			AwakeInstancesAfterBackupRestoration (7ms)
Platform modules already initialized, skipping
Refreshing native plugins compatible for Editor in 0.47 ms, found 3 plugins.
Preloading 0 native plugins for Editor in 0.00 ms.
Unloading 2191 Unused Serialized files (Serialized files now loaded: 0)
System memory in use before: 99.3 MB.
System memory in use after: 99.5 MB.

Unloading 17 unused Assets to reduce memory usage. Loaded Objects now: 2782.
Total: 2.533200 ms (FindLiveObjects: 0.167500 ms CreateObjectMapping: 0.082300 ms MarkObjects: 2.267700 ms  DeleteObjects: 0.015000 ms)

AssetImportParameters requested are different than current active one (requested -> active):
  custom:framework-win-MediaFoundation: 216162199b28c13a410421893ffa2e32 -> 
  custom:video-decoder-ogg-theora: a1e56fd34408186e4bbccfd4996cb3dc -> 
  custom:container-muxer-webm: aa71ff27fc2769a1b78a27578f13a17b -> 
  custom:container-demuxer-webm: 4f35f7cbe854078d1ac9338744f61a02 -> 
  custom:container-demuxer-ogg: 62fdf1f143b41e24485cea50d1cbac27 -> 
  custom:video-encoder-webm-vp8: eb34c28f22e8b96e1ab97ce403110664 -> 
  custom:video-decoder-webm-vp8: 9c59270c3fd7afecdb556c50c9e8de78 -> 
  custom:audio-decoder-ogg-vorbis: bf7c407c2cedff20999df2af8eb42d56 -> 
  custom:audio-encoder-webm-vorbis: bf7c407c2cedff20999df2af8eb42d56 -> 
========================================================================
Received Import Request.
  Time since last request: 77.972735 seconds.
  path: Assets/Weaponsystem.cs
  artifactKey: Guid(81172b21183382c40a5db373cd6ad10a) Importer(815301076,1909f56bfc062723c751e8b465ee728b)
Start importing Assets/Weaponsystem.cs using Guid(81172b21183382c40a5db373cd6ad10a) Importer(815301076,1909f56bfc062723c751e8b465ee728b)  -> (artifact id: '32b784c2a35468652b4b3d66373fca80') in 0.005734 seconds 
  Import took 0.009007 seconds .

========================================================================
Received Prepare
Registering precompiled user dll's ...
Registered in 0.006079 seconds.
Begin MonoManager ReloadAssembly
Native extension for WindowsStandalone target not found
Native extension for WebGL target not found
Refreshing native plugins compatible for Editor in 0.44 ms, found 3 plugins.
Preloading 0 native plugins for Editor in 0.00 ms.
Mono: successfully reloaded assembly
- Completed reload, in  1.005 seconds
Domain Reload Profiling:
	ReloadAssembly (1006ms)
		BeginReloadAssembly (111ms)
			ExecutionOrderSort (0ms)
			DisableScriptedObjects (5ms)
			BackupInstance (0ms)
			ReleaseScriptingObjects (0ms)
			CreateAndSetChildDomain (24ms)
		EndReloadAssembly (833ms)
			LoadAssemblies (102ms)
			RebuildTransferFunctionScriptingTraits (0ms)
			SetupTypeCache (244ms)
			ReleaseScriptCaches (1ms)
			RebuildScriptCaches (35ms)
			SetupLoadedEditorAssemblies (360ms)
				LogAssemblyErrors (0ms)
				InitializePlatformSupportModulesInManaged (5ms)
				SetLoadedEditorAssemblies (0ms)
				RefreshPlugins (0ms)
				BeforeProcessingInitializeOnLoad (72ms)
				ProcessInitializeOnLoadAttributes (183ms)
				ProcessInitializeOnLoadMethodAttributes (16ms)
				AfterProcessingInitializeOnLoad (84ms)
				EditorAssembliesLoaded (0ms)
			ExecutionOrderSort2 (0ms)
			AwakeInstancesAfterBackupRestoration (8ms)
Platform modules already initialized, skipping
Refreshing native plugins compatible for Editor in 0.45 ms, found 3 plugins.
Preloading 0 native plugins for Editor in 0.00 ms.
Unloading 2191 Unused Serialized files (Serialized files now loaded: 0)
System memory in use before: 99.3 MB.
System memory in use after: 99.5 MB.

Unloading 17 unused Assets to reduce memory usage. Loaded Objects now: 2784.
Total: 2.294600 ms (FindLiveObjects: 0.161800 ms CreateObjectMapping: 0.083600 ms MarkObjects: 2.036500 ms  DeleteObjects: 0.011900 ms)

AssetImportParameters requested are different than current active one (requested -> active):
  custom:framework-win-MediaFoundation: 216162199b28c13a410421893ffa2e32 -> 
  custom:video-decoder-ogg-theora: a1e56fd34408186e4bbccfd4996cb3dc -> 
  custom:container-muxer-webm: aa71ff27fc2769a1b78a27578f13a17b -> 
  custom:container-demuxer-webm: 4f35f7cbe854078d1ac9338744f61a02 -> 
  custom:container-demuxer-ogg: 62fdf1f143b41e24485cea50d1cbac27 -> 
  custom:video-encoder-webm-vp8: eb34c28f22e8b96e1ab97ce403110664 -> 
  custom:video-decoder-webm-vp8: 9c59270c3fd7afecdb556c50c9e8de78 -> 
  custom:audio-decoder-ogg-vorbis: bf7c407c2cedff20999df2af8eb42d56 -> 
  custom:audio-encoder-webm-vorbis: bf7c407c2cedff20999df2af8eb42d56 -> 
========================================================================
Received Import Request.
  Time since last request: 7.082647 seconds.
  path: Assets/Weaponsystem.cs
  artifactKey: Guid(81172b21183382c40a5db373cd6ad10a) Importer(815301076,1909f56bfc062723c751e8b465ee728b)
Start importing Assets/Weaponsystem.cs using Guid(81172b21183382c40a5db373cd6ad10a) Importer(815301076,1909f56bfc062723c751e8b465ee728b)  -> (artifact id: '1e41a42fa6f7c013202419a2761e1d2d') in 0.004777 seconds 
  Import took 0.007662 seconds .

========================================================================
Received Prepare
Registering precompiled user dll's ...
Registered in 0.006386 seconds.
Begin MonoManager ReloadAssembly
Native extension for WindowsStandalone target not found
Native extension for WebGL target not found
Refreshing native plugins compatible for Editor in 0.56 ms, found 3 plugins.
Preloading 0 native plugins for Editor in 0.00 ms.
Mono: successfully reloaded assembly
- Completed reload, in  0.977 seconds
Domain Reload Profiling:
	ReloadAssembly (977ms)
		BeginReloadAssembly (119ms)
			ExecutionOrderSort (0ms)
			DisableScriptedObjects (5ms)
			BackupInstance (0ms)
			ReleaseScriptingObjects (0ms)
			CreateAndSetChildDomain (25ms)
		EndReloadAssembly (794ms)
			LoadAssemblies (101ms)
			RebuildTransferFunctionScriptingTraits (0ms)
			SetupTypeCache (239ms)
			ReleaseScriptCaches (1ms)
			RebuildScriptCaches (35ms)
			SetupLoadedEditorAssemblies (258ms)
				LogAssemblyErrors (0ms)
				InitializePlatformSupportModulesInManaged (5ms)
				SetLoadedEditorAssemblies (0ms)
				RefreshPlugins (1ms)
				BeforeProcessingInitializeOnLoad (68ms)
				ProcessInitializeOnLoadAttributes (163ms)
				ProcessInitializeOnLoadMethodAttributes (9ms)
				AfterProcessingInitializeOnLoad (12ms)
				EditorAssembliesLoaded (0ms)
			ExecutionOrderSort2 (0ms)
			AwakeInstancesAfterBackupRestoration (7ms)
Platform modules already initialized, skipping
Refreshing native plugins compatible for Editor in 0.44 ms, found 3 plugins.
Preloading 0 native plugins for Editor in 0.00 ms.
Unloading 2191 Unused Serialized files (Serialized files now loaded: 0)
System memory in use before: 99.3 MB.
System memory in use after: 99.5 MB.

Unloading 17 unused Assets to reduce memory usage. Loaded Objects now: 2786.
Total: 2.659100 ms (FindLiveObjects: 0.172300 ms CreateObjectMapping: 0.079800 ms MarkObjects: 2.391800 ms  DeleteObjects: 0.014500 ms)

AssetImportParameters requested are different than current active one (requested -> active):
  custom:framework-win-MediaFoundation: 216162199b28c13a410421893ffa2e32 -> 
  custom:video-decoder-ogg-theora: a1e56fd34408186e4bbccfd4996cb3dc -> 
  custom:container-muxer-webm: aa71ff27fc2769a1b78a27578f13a17b -> 
  custom:container-demuxer-webm: 4f35f7cbe854078d1ac9338744f61a02 -> 
  custom:container-demuxer-ogg: 62fdf1f143b41e24485cea50d1cbac27 -> 
  custom:video-encoder-webm-vp8: eb34c28f22e8b96e1ab97ce403110664 -> 
  custom:video-decoder-webm-vp8: 9c59270c3fd7afecdb556c50c9e8de78 -> 
  custom:audio-decoder-ogg-vorbis: bf7c407c2cedff20999df2af8eb42d56 -> 
  custom:audio-encoder-webm-vorbis: bf7c407c2cedff20999df2af8eb42d56 -> 
========================================================================
Received Import Request.
  Time since last request: 374.618999 seconds.
  path: Assets/3342.png
  artifactKey: Guid(7229b145843530c41baa8e1e053ca6e4) Importer(815301076,1909f56bfc062723c751e8b465ee728b)
Start importing Assets/3342.png using Guid(7229b145843530c41baa8e1e053ca6e4) Importer(815301076,1909f56bfc062723c751e8b465ee728b)  -> (artifact id: 'b2fb7854111f4095f7eecf989fc7746c') in 0.052359 seconds 
  Import took 0.056513 seconds .

========================================================================
Received Import Request.
  Time since last request: 0.952411 seconds.
  path: Assets/Knight
  artifactKey: Guid(fe7c038697bb93e458ab560342b48fe1) Importer(815301076,1909f56bfc062723c751e8b465ee728b)
Start importing Assets/Knight using Guid(fe7c038697bb93e458ab560342b48fe1) Importer(815301076,1909f56bfc062723c751e8b465ee728b)  -> (artifact id: '83ce5f9f27d12d504041188429e64725') in 0.002419 seconds 
  Import took 0.005261 seconds .

========================================================================
Received Import Request.
  Time since last request: 13.487644 seconds.
  path: Assets/3342.png
  artifactKey: Guid(7229b145843530c41baa8e1e053ca6e4) Importer(815301076,1909f56bfc062723c751e8b465ee728b)
Start importing Assets/3342.png using Guid(7229b145843530c41baa8e1e053ca6e4) Importer(815301076,1909f56bfc062723c751e8b465ee728b)  -> (artifact id: '1b21b790234c0d17d85d4e0fdf7917e8') in 0.008882 seconds 
  Import took 0.012057 seconds .

========================================================================
Received Import Request.
  Time since last request: 191.857019 seconds.
  path: Assets/3342.png
  artifactKey: Guid(7229b145843530c41baa8e1e053ca6e4) Importer(815301076,1909f56bfc062723c751e8b465ee728b)
Start importing Assets/3342.png using Guid(7229b145843530c41baa8e1e053ca6e4) Importer(815301076,1909f56bfc062723c751e8b465ee728b)  -> (artifact id: '11e2343fcde90a537b3452ba2e2f414c') in 0.920700 seconds 
  Import took 0.925017 seconds .

AssetImportWorkerClient::OnTransportError - code=2 error=End of file
